File:20200603-151430_DecaWaveAllAccum.log, created by DecaRanging MP Version 3.05 (build:Oct  7 2015, 15:44:09)
Mode: 2, Chan 2, Code 9, PRF 64, Plength 1024, DataRate 1, PAC 2, ic:8186b3, ucode:xxxx, antdl:80A5

21 80 Rx time = 1.551216808405950e+001 E6C78BE1C8

21 80 Rx time(un) = 1.551216832532051e+001 E6C78C1E00

txdly 4052 rxdly 4052
RX DATA: 41cc80cadeb38646803b054211828a46803b99401121df1b

RX OK WInd(0735), HLP(0748.4063), PSC(0721), SLP(0000.0000), RC(00E6 C78BE1C8), DCR(0), DCI(0), NTH(034E), T(85B9), RSL(-083.6203), FSL(-090.2776), RSMPL(18)
Accum Len 1016
69, 184
65, 297
201, 136
331, -23
168, -49
-23, 23
-61, 212
78, 115
-24, -187
40, -195
131, 179
126, 460
86, 230
-3, 10
220, -10
202, 292
103, 315
188, 151
165, 169
78, 141
58, 104
91, 115
171, 48
53, 66
-209, 70
-126, 150
-85, 154
75, 85
175, 46
49, 118
71, 155
127, 90
14, 163
3, 338
229, 73
340, -103
77, -1
-150, 131
-67, 0
325, -11
236, 220
-132, 323
-184, 128
-10, -98
85, -25
-12, -4
-67, 204
-7, 181
272, 110
437, 89
300, 47
109, -34
-32, 155
20, 154
154, 191
159, 292
23, 203
-97, 102
21, 161
-59, 52
-36, 80
-102, 176
63, 332
40, 293
112, 143
91, -68
19, -87
-89, 13
-49, 135
-58, 56
27, 18
39, 5
-35, 257
-40, 365
16, 122
79, 90
37, 141
70, 59
154, 38
182, -28
155, 71
72, 122
130, 116
-20, 11
-107, -68
38, 136
128, 354
272, 325
120, 165
186, -55
83, 32
205, 55
261, 147
230, 192
119, -40
121, -29
122, 1
49, -17
23, 73
17, 190
68, 220
71, 20
242, 187
59, 264
-162, 155
-136, 24
40, -39
202, 51
240, 147
46, -68
111, -7
204, 303
146, 396
83, 282
-37, 103
47, 44
63, 82
59, 49
150, 12
158, 48
25, 135
-41, 141
58, 91
137, 0
107, -18
141, 46
162, 104
243, 61
174, 60
15, 147
-69, 184
-78, 117
39, 95
167, 133
127, 128
73, 85
-10, 10
122, -13
165, -48
113, 162
49, 125
240, 102
224, 189
146, 99
61, 67
113, 34
122, 163
133, 164
-92, 179
-83, 64
2, -28
50, 8
28, 139
191, -49
308, 30
185, 257
-4, 125
-10, 74
125, 48
152, 144
22, 146
-72, 219
229, 19
419, 77
170, -67
-30, -102
-80, 114
84, 260
179, 210
155, 78
95, 108
99, 182
104, 32
119, -20
146, 24
58, 226
-5, 284
44, 20
163, 3
188, 167
174, 234
190, 94
85, -50
0, -113
0, 77
44, 201
88, 136
-31, 14
111, 100
139, 208
46, 57
-99, -49
-23, -63
74, 89
107, 78
131, 80
120, 43
166, 133
237, 83
35, 183
22, 117
159, -10
145, -46
218, -71
39, 171
60, 263
104, 225
79, 64
129, 22
173, 41
31, 166
72, 52
185, 15
131, 138
75, 25
140, 41
175, 82
-5, 76
-13, -6
176, 24
213, 42
197, 238
244, 19
115, 9
123, -42
19, 18
141, 86
160, 197
268, 224
266, 226
108, 162
65, -12
105, 60
251, 210
179, 403
17, 104
-111, -33
149, 52
261, 198
119, 92
67, -52
77, -10
139, -43
204, 89
83, 123
24, 278
146, 66
308, 127
223, 55
210, 6
-57, 70
-10, -81
228, -46
110, 235
-53, 274
-78, 46
178, -64
298, 84
107, 248
80, 169
196, 78
94, 65
148, -13
-1, 81
99, 135
125, 175
248, 133
195, 108
91, 41
98, 68
25, 104
226, 140
109, 124
293, 211
155, 8
87, 107
11, 51
109, 36
235, 68
195, 116
-47, 104
76, 183
182, 46
178, 166
108, 132
215, 66
366, 63
204, 114
-74, 133
155, 200
234, 107
122, 53
79, 6
113, 156
134, 208
-28, 164
-39, 144
40, 241
111, 158
161, 119
-47, 133
-65, 110
152, 7
255, -33
268, 34
179, -26
-1, 7
-41, 52
130, 74
66, 154
50, -42
117, 125
241, 76
247, 172
115, 60
224, 53
191, 156
105, 180
191, 79
256, 65
78, -120
116, -132
90, 40
31, 26
-43, 1
-9, -22
150, 33
193, 233
170, 369
50, 194
-16, -35
49, -3
116, 182
-24, 156
-23, 24
52, 47
131, 136
237, 207
-33, 58
33, 7
127, 43
309, 223
371, 251
276, 78
57, 98
3, 116
74, 258
17, 320
110, -11
128, -110
154, 33
34, 247
-16, 261
47, 4
50, -93
164, 57
223, 128
158, 163
108, 128
125, 123
70, 179
126, 18
209, -23
110, 7
-99, 127
-49, 140
-8, -54
149, -54
255, 16
363, -2
105, 36
144, -30
145, 126
93, 163
88, -30
300, 39
345, 222
236, 210
237, -4
198, -19
230, 251
88, 124
97, 71
155, 28
121, 134
127, 263
-82, 215
-142, -31
-17, 16
166, 183
154, 206
-45, 277
110, 164
239, 107
315, 94
266, 59
29, 185
19, 260
114, 294
329, 55
187, -21
79, 45
119, 65
156, 48
149, 289
70, 240
147, 172
273, 111
148, -68
30, -11
14, 149
89, 172
237, 27
29, -59
9, 89
12, 128
192, -18
262, -16
175, 159
221, 111
253, 141
150, 111
222, 181
359, 29
233, -117
178, -53
194, 182
210, 244
187, 43
-129, 61
-135, 221
-16, 267
143, 145
53, 32
23, -29
51, 74
104, -52
205, -143
105, 67
69, 125
119, 196
94, 98
175, 194
120, 196
169, 90
51, -39
237, -89
167, -1
7, 115
-59, 78
-72, 85
41, 0
193, -41
65, -36
144, 44
127, 41
262, 14
77, -116
69, -80
234, 100
188, 141
178, 19
142, -3
215, 174
196, 192
24, -13
-32, -49
41, 159
54, 245
-59, 8
-85, -120
40, 32
305, 228
132, 226
-10, 69
25, 103
165, 54
80, 63
102, 137
-26, 124
25, 165
109, 159
36, 26
-9, 194
84, 145
104, -68
61, 82
28, 186
130, 235
223, 170
202, 13
266, -83
34, 134
100, 69
17, 135
74, 172
169, 75
68, 123
-34, 81
90, 198
281, 159
170, 159
164, 194
129, 81
133, 85
112, 186
85, 337
-48, 182
-90, -8
123, 92
156, 157
-54, 89
-48, 117
241, 107
220, -139
87, -20
-29, 47
-28, 158
112, 96
253, 42
176, 73
103, -26
60, 56
156, 96
18, 174
-40, 178
8, 60
66, 292
82, 263
246, 148
244, -102
89, -26
140, 211
128, 122
26, 76
109, -33
54, -23
103, 1
158, 146
-35, 255
69, 312
142, -10
163, -73
54, 68
0, 177
-51, 82
-132, -82
42, -43
95, -40
16, 116
64, 131
115, 23
31, 140
-34, 182
13, 144
0, 322
343, 235
303, -5
79, -183
45, 106
124, 280
239, 172
94, -2
28, -43
47, -72
196, -70
259, -124
73, 18
12, 355
121, 387
209, 192
76, 12
35, -32
46, 27
220, -55
57, -69
-108, -9
20, 69
259, 115
110, 205
83, 178
36, 75
38, -78
233, -87
287, 38
159, 95
114, 109
31, 68
90, 126
104, 172
-23, 293
8, 175
258, 191
293, 96
218, 167
140, 211
111, 85
65, 114
115, 193
223, 100
163, 90
47, 185
51, 83
233, 27
326, 25
173, 96
238, 82
109, -8
56, 11
171, 79
130, 222
68, 249
240, 186
208, 62
155, -16
195, 19
44, 136
88, 149
235, 99
278, 145
180, 28
231, 111
192, 47
253, 82
164, 77
59, 235
36, 62
-85, -67
23, -5
85, 55
90, 306
7, 133
123, 140
190, 56
79, -80
85, 232
45, 344
-112, 241
2, 90
148, -103
131, -45
144, 87
128, 92
103, 137
91, 137
75, 190
241, 236
175, 229
134, 103
-21, -2
28, 73
148, 203
164, 274
155, 271
187, 151
236, 220
182, 151
189, 99
205, 159
159, 91
151, 234
85, 144
135, -3
153, 118
64, 136
68, 168
73, -40
116, 29
108, 190
46, 212
-65, 74
141, 102
240, 189
217, 176
85, 105
-8, -72
10, 138
80, 132
165, -66
175, -77
149, 46
-10, 202
31, 205
-9, 55
-11, 51
151, 192
168, 166
185, 58
123, -61
-5, -10
-44, 132
108, 208
69, 45
49, 40
-105, 83
-177, 117
-11, 34
111, 161
131, 195
193, 175
235, 3
68, -12
-69, 12
-164, 130
19, 89
70, 48
40, -9
-5, 155
44, 144
127, 47
4, -68
-36, 25
-41, 217
189, 156
170, -97
59, -43
-4, 187
157, 74
96, 61
65, 82
84, -44
77, -161
113, 23
107, 62
-34, 289
50, 226
46, 9
138, -72
180, 129
230, 234
84, 186
114, -139
222, -190
257, 25
157, 179
191, 309
255, 84
229, 87
138, -9
205, 155
111, 214
-1, 129
41, 62
120, 89
155, 150
-20, 109
-31, 149
-185, 604
-2280, 4884
-9067, 14142
-14379, 16415
-7281, 2456
4860, -11119
5977, -8836
-764, -330
-581, 232
6054, -2873
7139, -2023
2033, 137
-3269, 514
-6153, 511
-3570, 2619
5118, 6355
10413, 7982
5372, 3790
-102, -1660
3299, 881
10258, 7512
11304, 4538
4578, -6605
-2207, -9453
-2048, -2562
-25, -374
-1842, -6077
-3327, -7065
-398, 1962
2525, 9591
1160, 5652
-924, -1972
994, -2150
3802, 1358
1084, 225
-4136, -3136
-4475, -3312
1445, -1857
4861, -1517
-1153, -2090
-8742, -3454
-6789, -5728
104, -6155
-57, -3937
-4721, -3448
-3171, -5422
3169, -4478
7343, -474
7007, 1114
3468, -100
-1093, 1035
-3600, 4078
-2847, 3327
-1130, -1757
-1154, -6360
-2052, -6351
-1088, -1565
1731, 4220
4513, 6140
4195, 3618
-287, 1281
-4720, 1021
-3891, 1653
714, 1007
1700, -1711
-1345, -3811
-2109, -482
-300, 5346
-1183, 6329
-5027, 2018
-6191, -1612
-2319, -1926
2221, -2118
2938, -3345
394, -2830
-1584, -466
-140, 1272
3613, 2181
5375, 3413
3084, 3937
-474, 2418
-2075, 364
-2082, 123
-1232, 617
121, -314
808, -1585
635, -1264
-89, -295
414, -179
2617, -304
4139, 938
2514, 1017
145, -2056
653, -4171
2171, -1193
1033, 1916
-1820, -313
-2626, -3881
-807, -2457
379, 1577
-394, 2593
-758, 137
796, -1264
1977, -39
376, 849
-2197, -568
-2675, -1484
-395, 413
1603, 3220
1444, 3298
114, 131
-325, -3299
235, -2562
1077, 1135
785, 3330
-1043, 1480
-1385, -1730
1157, -2472
3696, -275
3475, 2170
1783, 2793
806, 1566
657, 184
1077, 492
1115, 2335
-186, 2788
-1769, 821
-1841, -1485
-548, -1762
696, -467
587, 498
-322, 446
-592, -86
-73, 95
419, 937
331, 1273
-8, 458
-42, -776
187, -1051
-65, 130
-539, 1376
-743, 955
-281, -463
279, -1117
56, 573
60, 1940
583, 1472
813, 362
163, 244
-273, 202
-13, -870
-52, -2001
-1022, -1278
-1808, 500
-1052, 1065
306, 162
333, -349
-505, 102
-841, 577
-438, 156
-26, -532
-336, -241
-808, 458
-448, 28
579, -611
683, -488
-239, -315
-743, -273
-52, 149
481, 479
235, -54
-491, -656
-842, -482
-1171, 47
-791, 197
-157, 197
381, 549
490, 742
305, 364
111, -195
42, 28
164, 610
77, 395
-480, -273
-842, -411
-535, 32
187, 302
757, 349
431, 332
92, 159
-110, 147
24, 535
147, 639
221, 218
418, -102
623, 38
554, 510
259, 459
217, 57
149, 21
46, -22
-90, -35
-326, 2
-348, 192
-190, 183
-16, 381
265, 557
347, 249
84, 7
173, 172
477, 413
263, 205
-50, -64
-280, -131
-150, 19
241, 192
536, 436
386, 562
-130, 354
-133, 28
70, 47
175, 554
76, 646
-57, 139
174, -230
308, -6
195, 391
-42, 353
-239, -69
-288, -154
-114, 98
-58, 428
-83, 267
-41, -52
-36, -167
131, -7
70, 135
-103, 258
12, 410
61, 515
-37, 401
-24, 336
101, 67
354, -91
199, -105
-182, 28
-283, 183
120, 89
344, 129
205, 225
-61, 197
5, 113
-68, 40
-103, 216
119, 382
262, 347
140, 128
-32, 56
180, 117
542, 337
365, 155
16, 5
-164, 157
30, 390
97, 320
29, 196
-110, -50
-107, -155
-6, -77

TX Frame TimeStamp Raw  = E9 02D62052
   Adding Antenna Delay = 00E9 02D62052
73 Tx time = 1.566216833461664e+001

29 81 Rx time = 1.586216664710412e+001 EBFC8C7B1E

29 81 Rx time(un) = 1.586216689102564e+001 EBFC8CB800

txdly 4052 rxdly 4052
RX DATA: 41cc81cadeb38646803b054211828a46803b9940112952be3d3d423dbc88784452fe3f72475c41

RX OK WInd(0735), HLP(0745.7500), PSC(0576), SLP(0000.0000), RC(00EB FC8C7B1E), DCR(0), DCI(0), NTH(033D), T(83B9), RSL(-083.3830), FSL(-089.5869), RSMPL(18)
Accum Len 1016
261, 231
228, 224
194, 62
134, -71
42, 73
83, 97
134, 6
89, -17
-150, 194
-237, 99
-25, 134
55, -8
-47, 86
-129, 159
-148, 148
115, 172
382, 82
347, 90
122, 180
12, 257
45, 252
14, -85
-128, -210
-68, -53
53, -108
23, -164
-27, -140
61, 37
136, 222
54, 111
-64, 167
12, 152
232, 89
267, -10
131, -13
108, 104
174, 105
203, 79
213, 65
66, 13
44, 50
137, -58
168, -30
182, 31
106, 137
74, 164
105, 59
167, 22
145, 89
35, 88
-71, 124
39, 181
59, 46
69, -43
-4, -61
-28, -84
21, 20
17, 31
-19, 149
3, 271
27, 218
108, 43
171, 36
137, 38
89, 82
69, 85
143, 33
71, 11
47, 48
64, -2
129, 14
19, 91
65, 109
65, 127
135, 136
193, -53
217, -12
102, 184
79, 297
141, 66
427, -80
276, -59
116, 57
42, 100
87, 301
113, 177
80, 207
115, 54
89, 56
215, 94
174, 157
155, 114
100, 102
119, 98
87, 18
29, 39
46, 35
23, 46
92, -51
8, -15
-102, 192
-100, 102
10, -12
136, 27
66, 105
11, 55
114, 21
195, 91
161, 99
0, -1
143, -7
166, 165
71, 59
-69, -32
-71, -13
102, 144
210, 167
30, 250
0, 50
13, 32
157, -8
34, -15
-95, -10
66, -35
82, 134
36, 192
47, -28
98, 60
129, -13
30, 13
-2, 44
34, 98
126, 82
150, 90
281, 87
196, 128
33, 169
39, 61
2, 70
-7, 157
147, 113
123, 30
77, 123
152, 147
166, 91
209, 35
154, 83
-24, 16
-212, 108
1, 171
96, 108
249, 54
62, 140
-87, 211
-6, 102
66, -36
154, -88
147, 60
62, 129
123, 73
34, 102
27, 170
8, 190
64, 241
123, 219
148, 190
115, 16
19, 25
67, -18
126, 133
182, 142
-23, 208
-34, 124
118, 94
119, 173
61, 199
-60, 177
100, 136
132, 110
102, 83
170, -74
70, 108
-67, 250
31, 186
161, -46
131, -58
83, 31
144, 72
139, -6
163, 61
137, 146
-8, 186
3, 168
6, 169
59, 156
27, 169
15, 185
-21, 183
95, 82
41, 135
33, 91
99, -25
119, 10
3, 183
-43, 100
10, 137
27, 186
120, 202
176, 86
129, 52
77, 109
71, 253
147, 93
189, -33
202, 13
125, 74
189, 168
116, 103
30, 124
113, 97
190, 42
283, 111
240, 85
56, 109
175, 112
184, 330
41, 262
-49, 93
55, 85
50, -8
-61, 60
13, 161
115, 80
183, 3
239, 102
167, 120
73, 138
204, 60
285, 119
243, 54
139, 252
97, 5
35, 40
16, 75
98, 136
211, 65
82, 23
53, 171
156, 198
156, 137
-38, -1
-128, -9
28, 28
303, 77
326, 164
112, 157
-53, 119
-37, 105
148, 128
138, 26
62, -77
53, -30
199, 77
61, 22
9, 32
-21, 56
7, -48
110, 202
178, 219
147, 129
118, 213
198, 306
168, 110
11, -20
-153, -33
-48, 70
-14, 146
120, 13
114, 9
93, 77
113, 111
101, 53
108, 57
155, -40
148, 118
74, 252
18, 257
37, 107
57, 156
211, 72
81, 75
-65, 149
158, 168
251, 134
175, 144
32, 101
62, 104
84, 24
-24, -121
-80, 115
-20, 164
89, 177
159, -12
53, -171
-1, -60
10, 103
26, 46
72, -109
38, 30
-58, 114
26, 12
80, 9
-84, 131
3, 203
218, 140
216, 61
147, -12
-11, 83
120, 133
193, 77
17, 44
-66, -72
-25, 63
180, 170
69, 103
-69, -13
-73, 45
135, 186
230, 249
133, 116
79, -32
115, 60
147, 145
80, 67
11, 115
51, -22
-93, 5
-71, 55
78, 131
69, 123
17, 41
49, 168
56, 156
33, 138
-38, 143
3, 34
128, 153
132, 141
19, 83
81, 20
176, 79
295, 73
313, 48
154, 182
94, 188
107, 82
105, 210
86, 230
81, 108
151, 82
251, 222
115, 52
-64, -1
-26, -54
238, 70
173, 86
-40, 52
0, -47
101, 99
124, 247
149, 162
150, -3
139, -106
8, 1
23, 77
-34, 144
-87, 139
15, 127
101, 47
32, 90
49, 99
93, 94
99, 62
-92, 111
-117, -38
54, -27
293, 22
50, 66
11, 90
47, 33
79, 62
216, 26
272, 265
210, 217
43, 6
-56, 52
23, 60
50, 68
129, 24
61, -82
93, 70
189, 218
41, 192
-82, 103
-67, -6
186, -95
233, 21
74, 72
-174, 21
-2, -15
258, -69
238, -38
-30, 157
-154, 268
57, 76
75, -73
-6, 38
-68, 170
8, 198
236, 101
348, 90
228, 94
25, 125
110, 182
-59, 130
-65, -19
57, -32
-15, 105
57, 132
121, -27
99, -9
10, -3
-30, 5
182, 57
256, 184
44, 159
76, 192
104, 75
96, 107
113, 100
86, 0
61, 51
107, 1
51, 145
180, 126
83, 67
-38, 76
0, 80
146, 24
257, 11
123, -18
136, -40
147, 9
165, 73
8, 146
56, 109
67, 113
69, 151
106, -33
125, 168
125, 108
126, 17
72, -117
52, -198
116, 7
184, 29
219, -38
104, -156
57, -55
105, 178
128, 209
-42, 49
3, -29
219, 92
278, 196
84, 251
-2, -7
102, -90
122, 114
158, 214
103, 94
16, -46
204, -12
17, 78
-17, 10
-68, -121
-102, -22
-96, 151
60, 212
244, 86
225, 9
114, 93
-67, -23
38, 106
54, 109
67, 30
52, -51
-20, 48
-118, 231
37, 186
109, 117
-1, -6
-101, 59
-50, 78
-45, 74
77, 85
132, 46
59, -25
135, 68
125, 104
-35, 136
45, 73
103, 68
72, 79
47, 50
28, 77
105, 140
26, 126
94, 61
-92, 7
-22, 31
30, 71
-33, 125
-45, 71
-130, -20
21, -5
25, 120
-28, 92
3, 41
113, 15
246, -39
102, 151
35, 45
71, 38
46, 74
53, 26
87, 136
-132, 112
-6, 60
190, -28
77, 95
34, 34
202, -13
47, -101
16, -3
107, 74
202, 172
145, 236
-8, 15
-91, 151
-8, 143
138, 131
283, 269
157, 212
6, 122
48, 206
-33, 143
-41, 40
142, 168
80, 131
153, -61
161, -95
-14, 105
-3, 203
67, 106
42, 46
-33, 90
22, -88
139, -139
181, 43
92, 67
134, 35
157, -7
76, 20
112, 230
70, 113
80, 8
49, 34
67, -43
135, -47
219, 22
118, 187
25, 148
-34, 65
50, 38
225, 39
175, 39
-29, -37
54, 17
204, -9
160, -43
151, 137
94, 242
139, 65
51, -113
316, -24
215, 76
20, 86
-9, 61
4, -25
60, -1
-30, 94
7, -31
-82, 119
-29, 75
51, -1
113, 17
4, 1
-145, 102
20, 47
83, 108
74, 48
21, 119
-45, 82
-69, 82
76, 113
127, 48
138, 16
94, 5
121, 56
121, 199
74, 139
77, -74
-2, 8
60, 42
181, 19
73, 12
69, -15
224, 6
214, 275
160, 234
132, 24
152, -51
23, 57
48, 119
63, 113
97, 52
103, 86
-32, 177
-94, 104
-159, 80
20, -63
187, 17
184, 184
79, 122
-42, -18
15, -164
-22, -74
-19, 136
39, 145
195, 2
213, -102
132, -39
73, 157
108, 130
217, -65
101, -80
7, 240
43, 278
130, 141
-27, -37
-37, 29
53, -6
208, 36
198, 22
104, 71
179, 61
175, -9
198, -12
130, 107
-15, 198
73, 118
179, 136
93, 126
67, 81
162, -27
19, -84
105, 47
237, 139
69, 66
-80, 88
-26, 149
79, 31
78, -50
13, -104
111, 9
-58, 125
36, 174
184, 165
115, 34
70, -60
76, -37
125, -66
-56, 39
-8, 230
117, 160
70, 12
102, 44
104, 0
166, 74
158, 24
115, -13
91, 60
135, 29
92, -43
-32, 9
51, 86
62, -44
56, -96
203, 131
31, 113
34, 84
-66, 83
-54, 113
217, -15
315, 60
75, 87
-109, 157
-8, 135
68, 29
201, -74
27, -58
11, 109
47, 170
-20, 8
-50, -35
-153, -55
67, 45
274, 86
126, 31
-40, 80
76, 33
164, 4
187, -22
158, 110
195, 120
-4, 212
-54, 235
67, 144
112, -24
0, -54
22, -80
124, -29
113, 71
-285, 114
-3292, -505
-11314, -3157
-16432, -6899
-6452, -5850
8348, 172
9480, 2933
1356, -45
-348, -743
3653, 3354
4028, 5089
1154, 2084
-728, -1726
-1559, -4243
-2574, -3132
-3680, 3632
-4147, 9530
-2314, 6440
1143, 136
946, 1699
-2988, 8470
-2084, 10294
5079, 3735
7513, -2976
2609, -2586
-44, -329
3538, -2343
5428, -4212
-81, -744
-6216, 3666
-4765, 2557
650, -1022
2284, -355
246, 2933
28, 1731
1562, -3141
1743, -4568
1848, -207
2428, 3510
1789, 5
685, -6814
2589, -7497
5029, -2151
3619, -485
1592, -3890
3161, -4057
4609, 679
2643, 5159
783, 5954
1067, 3322
-292, 125
-3507, -1477
-3595, -1402
426, -1193
4541, -2133
5036, -2988
1792, -1699
-2185, 1827
-3714, 4803
-2078, 4401
-772, 646
-1547, -3200
-2118, -3091
-891, 385
1434, 1175
2840, -1514
810, -2234
-3368, 529
-5081, 923
-2855, -2801
-178, -5035
1109, -2786
2254, 780
3257, 1803
2537, 75
462, -1419
-762, -331
-730, 2736
-1346, 4786
-2507, 3555
-2325, 560
-844, -1359
-176, -1617
-674, -930
-78, -148
1274, 191
1455, 293
582, 8
369, 204
900, 1623
580, 3178
-300, 2468
1242, 21
3480, -616
2248, 1158
-956, 1544
-685, -1074
2133, -2785
2206, -1476
-692, 534
-2110, 559
-560, -416
1219, 123
807, 1514
-294, 1026
-9, -1363
749, -2663
-16, -924
-1844, 1628
-2276, 1972
-287, 445
2173, -843
2364, -532
-15, 847
-2021, 1369
-1537, 76
658, -1280
2108, -61
1366, 2478
-612, 3220
-1707, 2253
-1028, 1074
168, 637
106, 900
-1231, 1435
-2170, 683
-1149, -981
777, -1610
1546, -800
812, 329
-44, 565
-263, -70
-61, -430
95, -99
-271, 497
-628, 604
-344, 154
462, -101
775, 19
348, 45
-718, -85
-857, -332
288, -303
1059, 6
160, 106
-1220, 198
-1147, 496
-306, 571
-15, 211
-155, -287
589, -402
1500, -401
895, -972
-403, -1359
-928, -804
-138, 175
433, 239
-48, -340
-631, -624
-148, -416
622, -214
347, -205
-428, -472
-111, -563
841, -37
743, 307
201, -173
96, -674
117, -145
-67, 579
158, 301
602, -389
500, -829
-152, -930
-232, -771
56, -306
41, 289
-377, 662
-334, 351
35, -111
70, -197
-392, 143
-238, 306
55, -183
280, -788
45, -488
-134, 134
-158, 568
-30, 343
-78, 16
119, -41
-138, 259
-470, 396
-97, 303
353, 99
394, 365
141, 701
-38, 412
-18, 156
87, 26
136, 93
128, -63
-101, -69
31, -265
15, -332
-242, -81
-287, 205
-73, 236
167, 8
4, 156
-160, 216
41, 214
263, -51
262, -178
-13, -257
22, 23
77, 356
-58, 218
-224, -43
-112, -130
-61, 162
-205, 367
-260, 138
-38, -85
180, -25
90, 167
-126, 243
-180, 54
118, -230
255, -213
141, 117
-196, 138
-248, 1
14, -120
352, -77
223, 68
1, 159
-124, 26
-163, 43
-143, 154
-177, 45
-33, -58
133, -85
319, 125
284, 222
148, -68
123, -257
139, -14
63, 95
-55, 117
121, 37
103, 176
169, 122
196, -37
60, 24
-31, 4
33, 64
164, 174
166, 56
50, 170
61, 203
10, 16
22, -28
-76, 32
-192, 103
-36, 67
159, -58
194, -173
215, -92
76, 31
15, -70
81, -104

Anchor ToF: 20.635 ns Dist: 6.184367 m DistRaw: 6.144367 m DistScal: 6.144367 m Bias: -0.040 m ClockOffset: 4.838 ppm

Ra  000000023b4afdeb Db 000000023b4a3e8a

Ra1  1017.299554 Db1 250.557141  ns

Rb  00000002f9b65acc Da 00000002f9b74215

Rb1  49998312.487480 Da1 49999239.110702  ns
