File:20200523-164849_DecaWaveAllAccum.log, created by DecaRanging MP Version 3.05 (build:Oct  7 2015, 15:44:09)
Mode: 2, Chan 2, Code 9, PRF 64, Plength 1024, DataRate 1, PAC 2, ic:8186b3, ucode:xxxx, antdl:80A5

21 16 Rx time = 9.880070909564680e+000 92FD2D2307

21 16 Rx time(un) = 9.880071153846155e+000 92FD2D6000

txdly 4052 rxdly 4052
RX DATA: 41cc16cadeb38646803b054211828a46803b994011211898

RX OK WInd(0735), HLP(0743.6406), PSC(0289), SLP(0000.0000), RC(0092 FD2D2307), DCR(0), DCI(0), NTH(0702), T(7BB9), RSL(-078.8698), FSL(-082.4435), RSMPL(26)
Accum Len 1016
41, 17
-25, -19
11, -32
39, -14
23, -45
173, -133
78, -39
157, -91
-142, 275
82, 213
65, 93
-14, -41
67, -24
87, 57
129, 64
319, -96
-99, 37
-150, 97
-26, 24
-24, -24
82, -145
322, -192
195, 127
9, 181
196, 34
206, 39
130, -8
101, -25
-35, 154
-210, 259
-5, -10
11, -46
-17, 226
97, 88
52, -107
33, -96
14, 129
-55, 215
-30, 23
-122, 73
-18, 92
-66, 90
8, -53
52, 16
71, 74
115, 36
73, 31
158, -49
170, -142
61, 6
4, 93
-27, 73
48, -4
118, -66
83, 74
-63, 180
320, 91
370, 115
172, 203
29, -41
-79, 19
-156, 218
8, 73
-49, 39
15, -135
-98, -42
-119, 156
-24, 161
66, 36
173, 14
31, 121
72, 41
165, -70
48, 72
-62, 231
-52, 36
36, -86
141, 11
117, 188
32, 72
-37, 33
-4, 29
9, -36
23, 7
71, 46
136, -57
69, -31
43, -28
54, -15
70, 34
41, 49
30, 113
5, 31
-46, 8
-38, -9
-37, 68
-69, 211
34, 143
26, 27
-22, -90
33, -19
191, 92
67, 111
-97, 112
158, -72
68, -12
25, -15
10, -14
18, -27
68, -53
72, -32
110, -84
68, -25
130, -35
32, 104
49, 70
-1, 105
-183, 251
-74, 105
-161, 168
21, 225
145, 151
175, -19
94, -63
-33, 72
-97, 171
2, -16
3, -66
-4, 37
-9, 40
49, -17
49, -16
61, -10
217, -82
86, -88
56, -5
-74, 180
51, 67
166, -84
87, -68
-23, 74
-167, 51
-92, -114
47, -94
57, 37
16, 109
-36, 134
11, 95
5, 80
-69, 224
-31, 198
-146, 192
74, -32
-17, -45
-78, 65
-15, 54
46, 61
31, 119
-52, 104
-111, 191
152, -2
86, 67
15, 125
-9, 21
17, 45
0, 132
1, 64
-2, 34
140, -115
91, -69
53, -80
28, -61
2, -9
92, 11
80, 23
-20, 104
42, 75
-23, 35
53, -30
39, 60
40, 41
-31, -100
-17, -79
10, 41
46, 12
8, -19
0, -36
30, -1
5, 32
-18, 63
-9, 32
-73, 67
186, -67
117, 14
58, 161
8, 83
-9, 23
-5, 32
27, -13
158, -98
-252, 135
-161, 136
-62, -1
-26, 38
65, -108
160, -270
82, 49
2, 212
274, -135
125, -36
-16, 93
17, 33
28, -24
111, 18
76, 102
89, 4
-5, -65
-74, -5
-14, -33
21, -8
64, -107
250, -187
163, 27
44, 128
294, -51
293, -74
103, -46
27, -88
-33, 114
-116, 229
-47, 72
-227, 214
63, 242
69, 125
154, -68
32, -113
-6, 3
46, 68
49, -74
126, -113
-10, 46
42, 20
28, 42
22, -11
44, 8
84, 58
16, 67
-154, 202
70, 68
78, -47
54, -44
74, 12
-2, 126
-154, 122
-95, -103
-48, -25
-51, 329
158, 160
172, -138
51, -153
13, 37
-33, 91
65, -78
108, -120
107, 53
193, 53
163, -40
105, -6
-18, 157
-205, 274
-71, -33
-82, 4
-53, 303
65, 223
167, -137
76, -203
52, 14
94, 59
26, -46
60, -86
145, -112
-13, 76
-121, 180
-56, 136
51, -7
115, 132
102, 217
-30, 154
-37, 253
127, 66
161, -127
91, -86
3, 145
-198, 204
-31, -22
-36, 16
73, 157
133, 72
89, -66
61, -48
-1, 110
-94, 237
-47, -4
196, -225
-273, 42
-246, 67
-37, -97
40, 75
92, -54
155, -225
70, -59
51, 107
198, 60
147, -60
138, -185
70, -126
4, 37
-2, 34
-17, -99
44, -62
113, 51
83, 86
90, 45
52, 11
-10, 53
-27, 90
39, 45
11, 49
6, 61
-18, 27
-45, -6
-4, 5
8, -3
17, -24
9, 99
15, 68
113, -136
-26, -2
12, 126
-16, 95
-1, -37
47, -40
21, 15
-3, 87
36, 63
39, 4
37, -14
2, 0
-55, -34
-66, 2
36, 18
199, -153
-81, -17
-73, 94
-39, 155
-6, 124
1, -64
-24, -98
-9, 80
-221, 309
-48, 197
134, 92
127, 35
65, -59
-31, 121
-159, 203
-61, 0
-35, -14
-73, 44
-134, -68
16, -213
64, -13
69, 47
118, -75
36, -123
25, 98
17, 260
58, 12
115, -144
59, -107
16, 52
13, 114
74, -53
69, -28
41, 130
192, 87
116, 22
52, -34
-39, 156
-252, 374
-111, 122
-158, 116
-106, 95
-76, 131
0, 102
36, 113
3, 99
-38, 79
-43, 65
-228, 260
92, 182
127, 8
15, -18
-12, -44
11, 43
-13, 169
22, 51
-101, 114
36, 66
138, 0
50, 22
24, 14
5, 152
-96, 223
-46, -61
37, -116
-163, 163
-75, 14
-10, -56
48, 78
-4, 66
-120, 59
-78, -3
-27, 64
75, 97
28, 111
47, 14
16, -9
-12, 3
56, 13
86, 60
9, 69
109, 113
134, 101
181, -76
76, -118
-19, 57
-68, 32
-7, -147
248, -286
30, -100
-39, 103
-12, 138
-19, 100
23, -61
68, -40
89, 179
-66, 224
59, 22
13, 34
49, 83
20, 54
-18, 55
-29, 6
-21, 39
-136, 131
157, -66
138, -55
35, 43
-2, -7
-32, 67
-124, 235
-34, 102
-63, 49
47, -63
-35, -107
-23, -142
60, 21
60, 98
26, 57
-29, 58
33, 45
106, -126
-61, 2
-46, 170
-23, 123
19, -93
162, -119
78, 77
73, 24
38, -20
82, -10
106, -53
37, -68
-15, -25
4, -66
34, -28
-34, 31
18, -57
-32, -22
55, -62
112, 26
34, 65
104, -127
-33, -87
13, -5
147, -105
-24, 10
-158, 133
-104, 77
32, -93
231, -9
181, 280
-76, 281
65, 67
125, -33
104, -130
81, -72
25, 120
-91, 127
-63, -59
-118, 43
111, 193
183, 114
134, 13
55, -29
-60, 109
-262, 286
-82, -1
-28, -31
-79, 92
-37, 94
11, 114
55, 134
3, 48
-63, 27
0, 29
74, -30
-226, 4
-185, -48
15, -53
63, 103
110, 19
246, -196
44, -56
99, 18
242, -343
-3, -95
-80, 107
-40, 126
20, -25
56, -102
32, 105
77, 86
96, -89
7, 29
-97, 201
-30, 152
31, -36
124, -2
43, 177
-104, 217
69, 113
185, -66
198, -134
89, -121
-23, 69
-48, 94
79, -104
301, -300
-24, -78
-118, 119
-64, 115
-20, 92
36, -27
8, -5
47, 92
35, 77
145, -79
72, 12
78, 38
35, 45
-8, 12
-13, 29
36, 68
-52, 155
156, -65
35, -26
-68, 140
-2, 167
6, 95
-64, 80
-48, -21
-18, 3
-156, 100
-18, 43
-8, 26
17, -8
33, 59
-67, 110
-55, 38
-9, 49
103, -34
43, 42
-42, 141
-22, 80
-16, 40
-119, 144
-73, 53
-166, 144
47, 193
168, 89
114, 29
38, -107
-23, 91
-43, 244
-2, 33
-151, 25
21, -26
-4, 4
32, 5
33, 18
19, 47
93, 2
3, -9
45, 22
70, 55
42, 53
80, -42
-5, -104
16, -61
192, -28
134, 44
114, -14
90, -7
47, 8
44, 93
43, 41
45, 10
48, -68
-11, -16
-16, 50
-150, 83
-75, 93
3, 16
11, 57
7, -9
-15, -26
-16, 49
-20, 72
3, -6
39, -4
82, 23
51, -8
-23, 12
0, -8
-16, -36
-13, -9
114, -58
77, 1
58, -39
62, 17
-8, 21
-18, -6
61, -26
149, -92
135, 60
109, 90
8, 66
-23, -40
-11, -20
-65, 157
26, 172
-129, 155
-89, -18
-34, 61
117, 63
65, 40
31, 21
56, -37
0, -93
-63, 97
-38, 162
20, -30
166, -176
103, -67
11, 66
29, -30
-12, -106
37, -43
54, 56
-2, 71
54, -34
26, -35
20, -71
135, -156
102, 17
206, -55
-10, -147
-126, -65
-89, 44
7, 133
144, 37
238, -136
79, 5
18, 62
136, -57
90, -9
26, 62
6, 10
-9, 49
-110, 150
-38, 50
-105, 103
31, 135
21, -66
162, -210
124, -79
36, 79
-9, -61
-29, -283
183, -190
45, -157
-139, -61
-88, 29
-29, 88
1, -59
114, -146
45, 50
-146, 265
227, 72
245, 5
122, -11
70, -22
9, 125
-151, 201
-19, 42
-50, 50
-11, -55
-38, 76
-76, 210
-66, 118
-38, -45
37, 91
9, 166
-92, 172
117, 123
262, 84
198, 12
73, -123
-63, 77
-181, 203
-166, 215
-2125, 1641
-12181, 9304
-16456, 12485
-9498, 4985
13143, -9915
15901, -8710
-1903, 5109
-13615, 12670
-3140, 2428
3362, -3460
515, -1297
-624, 531
-266, 604
264, -535
1000, -1000
459, 354
319, 445
336, -368
29, -690
-56, -425
42, -80
74, -201
265, -648
82, -294
413, -130
323, 93
121, 23
-13, -249
1, -227
260, -14
739, 31
453, 161
438, -121
526, -365
164, -87
157, 87
107, 44
171, -86
544, -336
232, -98
248, -116
-85, 12
6, 95
317, -61
180, -25
26, -129
256, -482
181, -272
240, -142
382, -331
77, -169
214, -106
147, 12
-8, 20
-64, -210
-57, -308
246, -256
224, -161
-4, -1
58, -102
32, -29
110, 7
210, -81
205, -16
519, -289
400, -314
79, 60
25, 55
-23, -16
65, -83
164, -125
38, 32
173, -105
138, -278
18, -75
88, -8
87, 57
102, -56
316, -227
176, -14
145, 50
177, -145
42, -155
120, -205
97, -94
77, -38
168, -251
73, -196
179, -24
183, -41
33, -33
-45, -84
-2, -59
62, -36
189, -33
130, 9
101, -5
143, 6
136, -116
138, -121
109, -75
63, 124
10, 156
6, -68
83, -97
176, -117
80, -27
122, 46
85, 20
7, 58
-17, 53
-6, -31
4, -25
-46, -80
-96, -105
82, -147
93, -19
0, 22
-87, -139
-67, -175
97, -54
137, -23
86, 110
42, 68
46, 31
20, 7
35, 90
87, 49
238, -130
-297, 34
-260, -21
7, -89
115, 104
65, -46
141, -243
14, -102
214, -80
-60, -115
-168, -81
61, -115
49, 25
78, -66
260, -296
109, -103
335, -170
-55, -51
-105, -10
26, -51
25, -4
44, -108
114, -274
40, -67
48, 80
340, -235
79, -85
106, 38
79, -3
33, 44
70, -3
4, -40
-75, 105
107, 60
142, -63
162, -72
124, -8
-1, 104
-86, 37
-75, -115
-133, 108
134, 141
71, 55
43, -100
30, -60
21, 117
14, 170
-13, 20
-79, 68
51, 29
-26, 17
85, -39
34, 2
73, 3
193, -91
77, -41
-91, 182
200, 77
201, 5
155, -26
82, -74
0, 5
88, 42
46, -46
-117, 29
45, 168
192, 77
199, 69
115, 2
-74, 122
-272, 157
-96, -40
-129, 72
-19, -9
-87, -10
11, 12
-16, -9
6, 0
33, -42
-7, 8
-175, 202
256, 68
208, 20
70, 9
15, -68
-13, 109
-102, 204
-4, 0
-9, -40
-100, 208
20, 58
100, -112
93, -59
79, 153
-19, 157
19, -42
184, -107
47, -57
-40, 89
7, 116
-37, 55
34, -121
249, -171
173, 6
98, 48
46, 74
107, -42
165, -168
135, -48
20, 104
-14, 4
-8, -109
0, 7
265, -43
100, 84
39, 114
-12, 3
-20, 6
-4, 60
47, 103
-25, 76
26, -26
114, 71
-41, 114
-2, 80
-30, 97
-184, 216
-60, 120
-88, 97
4, 140
23, 94
69, 59
11, -59
13, -95
122, -80
88, 58
-45, 135
20, -58
38, -8
79, 23
50, 33
14, 11
0, -82
9, -55
-31, 96

TX Frame TimeStamp Raw  = 95 38776252
   Adding Antenna Delay = 0095 38776252
07 Tx time = 1.003007116314228e+001

29 17 Rx time = 1.023007010435447e+001 98322E5A0C

29 17 Rx time(un) = 1.023007034455128e+001 98322E9600

txdly 4052 rxdly 4052
RX DATA: 41cc17cadeb38646803b054211828a46803b9940112952166a26e676c7b461e852566c5beb5963

RX OK WInd(0735), HLP(0747.7188), PSC(0287), SLP(0000.0000), RC(0098 322E5A0C), DCR(0), DCI(0), NTH(0533), T(7ABA), RSL(-079.1066), FSL(-082.6441), RSMPL(26)
Accum Len 1016
37, 61
27, 148
58, 125
84, 14
-22, 79
62, 150
7, 82
28, 65
21, 113
-66, 211
23, 167
-29, 143
252, -151
12, -147
-11, -14
75, 123
22, 83
-70, 37
-71, 27
-189, 146
41, 171
142, 27
88, 52
73, 82
-14, 228
-207, 231
-102, -32
18, -97
130, -101
-77, -2
-69, 39
-19, 41
96, -122
320, -195
115, 58
33, 110
340, -206
40, -77
-53, 122
15, 156
55, -64
161, -125
75, 22
109, 53
109, 3
96, 42
15, 89
11, 32
-32, -1
-57, 77
19, 46
-66, 96
-226, 227
0, 93
92, -25
95, -10
13, 113
-84, 125
-59, -18
90, -63
113, -186
-159, -158
-99, -125
16, 59
112, 23
250, -113
80, -15
92, 50
-197, 302
93, 149
207, -49
82, -118
-37, 32
-65, 28
33, -46
38, -7
-222, 200
-32, 20
140, -127
137, -24
55, 133
-56, 33
-69, -125
-3, -34
70, 30
85, 55
32, 101
13, 31
-29, 17
-114, 114
10, 71
-9, 67
49, 54
35, 53
27, 9
40, -48
52, -27
99, 4
89, 46
36, -5
96, -71
66, -33
23, -4
69, 64
25, 56
-24, -55
-15, -39
183, -55
-124, 103
-13, 82
-28, 52
64, 85
17, 74
-25, 96
19, 95
-49, 132
128, 70
-45, 44
30, -34
35, -43
67, -56
281, -127
173, -47
184, -57
213, -232
-32, -137
-111, 28
-44, 124
80, -55
237, -135
58, 34
46, 96
77, 36
65, 47
-20, 61
24, 18
-11, 27
-107, 150
-15, 140
-34, 74
384, -220
59, -48
-69, 157
-34, 80
84, -39
231, -16
115, 169
20, 98
79, -17
13, -66
94, -60
86, -50
-12, -25
79, -79
97, -101
198, -87
-10, 71
52, 52
93, 5
43, -15
-14, 12
0, -2
58, -65
150, -85
-113, 53
-44, -41
32, -54
46, 68
34, 43
96, -80
74, -32
39, -9
-78, 135
-49, 110
-22, 111
2, 100
47, 43
22, 29
6, 59
79, -13
1, 58
95, 72
36, 61
54, 24
40, 65
37, 139
69, 150
37, 9
96, 40
85, 87
39, 79
36, 34
1, -47
68, -7
106, 50
121, -4
-107, 96
-53, 24
11, -103
49, -12
76, 35
93, -31
5, 55
-62, 127
141, 123
189, 30
92, 48
105, 20
3, 138
-180, 265
-24, 31
89, -114
-151, 102
-45, 120
55, -3
16, 43
24, 75
-20, 38
-8, -45
-87, 36
-139, 251
68, 114
24, 32
55, 50
-21, 138
-199, 235
-94, 55
24, -38
104, -84
-101, 18
-47, 58
44, 111
122, -23
297, -194
102, -34
231, -81
169, -178
4, -79
-96, 62
22, 162
46, 1
95, -40
15, 114
-39, 160
107, 66
23, 30
25, 30
23, 28
15, 61
-24, 35
39, 3
172, -87
111, -67
26, 116
27, 99
-63, -20
64, -71
242, -53
99, 154
26, 94
325, -281
5, -132
-119, 104
15, 179
33, 10
3, 47
15, 102
-34, 148
309, -115
-21, -52
-62, 71
-2, 37
100, -94
277, -171
158, 78
106, 57
282, -251
49, -143
-133, 152
-16, 206
-13, 52
-48, 45
0, 85
24, 120
-205, 231
38, 52
179, -123
154, -56
21, 91
-7, -29
-53, -152
54, -58
377, -210
18, -70
-107, 119
-41, 176
81, -49
240, -58
103, 103
85, 72
155, -189
-12, -34
-29, 78
-2, 110
60, -85
173, -155
73, 51
-104, 223
86, 237
235, 149
65, 142
39, 8
-26, 95
-184, 278
5, 175
32, 18
80, -99
0, 44
-101, 186
-62, 168
55, 36
93, 40
86, 143
19, 108
55, -14
-7, -43
-33, -3
-6, 51
45, 11
140, -42
24, -16
58, 5
61, 28
95, 66
42, 38
56, 29
60, 37
63, 60
86, -19
71, -25
-221, 321
26, 105
58, -75
70, -10
29, 94
49, 81
52, 4
55, -29
26, 13
14, 35
27, 23
64, 60
66, 45
111, 9
-16, 28
-116, 177
60, 245
100, 23
110, -80
73, -103
25, 83
-15, 156
53, -6
216, -159
192, -201
-19, -61
-60, 4
11, 95
78, -16
207, -131
125, 94
95, 50
87, 65
148, 171
18, 192
-10, 73
-30, -2
-65, 163
38, 180
40, 23
241, -242
-2, -76
-67, 116
-10, 146
56, 20
100, -23
0, 90
-58, 93
262, -188
-43, -127
-41, -4
7, 100
134, -74
346, -209
189, -59
212, -45
45, 47
91, 21
40, -29
11, -56
80, 32
164, -6
123, 33
260, -122
143, -184
-14, 3
55, 57
89, 121
18, -14
63, -45
31, -9
97, -19
232, -114
-1, 11
8, 65
11, 57
91, -82
240, -178
74, 68
-7, 116
273, -48
128, 60
72, 67
41, -7
55, -34
134, -35
118, 24
73, 0
50, 25
6, -53
-23, 1
50, 93
115, 119
142, 20
37, -52
48, -4
218, -140
-31, -80
-127, 122
-30, 157
81, 24
182, 19
24, 140
-142, 281
-33, 220
70, 41
105, -79
121, -59
36, 91
-76, 130
11, -79
135, -142
20, 26
29, -16
-7, -1
-2, 0
70, 43
133, 3
66, 33
161, -27
-89, 130
-31, 75
78, -12
80, 17
50, 2
175, -85
106, -86
136, 0
46, 85
82, 156
80, 164
25, 29
-1, -67
45, -29
109, 36
74, 14
-207, 292
64, 137
139, -94
109, -51
18, 135
-13, 98
-1, -9
0, 26
142, 65
16, 20
-53, 49
-1, 66
51, 71
-1, 111
18, 94
65, 24
-42, 116
107, 125
3, 93
-24, 32
27, 36
22, 129
67, 136
88, 41
-266, 192
40, 109
196, -66
195, 38
-14, 155
-154, 128
-63, -197
136, -185
208, -97
-18, 54
-79, 140
-17, 113
39, -61
131, -62
117, 84
123, 26
221, -203
-7, -68
-48, 3
3, 72
107, -80
333, -195
146, 65
129, 72
82, -33
81, 16
54, -33
11, -63
49, -14
127, -11
69, 46
-2, 70
1, 215
167, 142
47, 110
24, -40
-39, 59
-139, 246
1, 127
0, 14
-275, 381
33, 184
126, -66
122, -80
55, 62
71, 77
74, -19
58, -22
-173, 273
-7, 67
145, -111
110, -85
31, 82
-2, 67
70, -80
149, -111
204, -120
-52, -1
-129, 110
-23, 205
85, 33
127, -51
6, 130
-136, 250
49, 213
144, 13
157, -25
86, -60
-25, 82
-61, 115
-5, -63
-5, -44
-10, 83
29, 44
15, 13
32, -5
43, 22
101, 46
39, -7
137, -59
-93, 126
6, 85
136, -44
71, -56
49, -27
138, -66
97, 12
24, 44
239, 20
110, 87
95, 76
71, -6
35, -26
109, -13
122, 63
103, 7
78, 28
51, 1
60, -33
47, -38
51, -20
171, -97
148, 17
126, -39
150, -192
-50, -94
-73, 46
17, 159
62, 20
134, -122
60, -14
174, 22
1, 124
58, 124
26, 46
32, 6
49, 27
92, 48
101, 121
38, 46
-22, 15
13, 2
-35, 0
55, 126
31, 113
-114, 96
-79, 56
7, 54
22, 101
17, 55
37, 30
23, 16
36, 90
10, 133
55, 120
49, 49
178, -21
126, 12
42, 23
37, 10
26, 23
68, 29
82, 23
51, 3
29, 84
40, 78
-4, 43
-18, 20
46, 24
129, 21
71, 112
77, 58
-6, 105
6, 115
-9, 113
23, 53
47, 13
90, 32
27, 128
-59, 125
66, -31
-8, -18
67, -19
96, 94
50, 27
52, -28
25, -118
155, -82
78, 75
64, 16
-57, -23
-28, 30
63, 35
77, 84
76, 151
84, 4
299, -136
48, 26
-112, 154
-49, 120
47, -29
67, 50
69, 176
-8, 97
45, 26
73, 40
-2, 62
29, 65
57, 84
-11, 164
-58, 76
-75, 93
-87, 307
113, 182
147, 60
44, -74
-52, 34
-150, 132
3, 49
-22, -6
-31, 79
-23, 74
44, -11
56, 12
58, -39
196, -82
130, 16
182, -19
262, -154
52, 71
-128, 236
-108, 135
-1, -42
1, 84
66, 311
-85, 194
-105, 288
148, 142
121, 52
100, -44
35, 88
21, 128
9, 21
209, -150
94, -124
-59, -13
-58, 48
-1, 61
74, -65
210, -100
131, 39
89, 39
-154, 266
59, 59
172, -132
130, -96
62, 66
138, -33
121, -117
143, -71
249, -162
-106, -83
-110, 14
-30, 109
129, -12
264, -80
213, -104
1509, -864
11282, -7103
16448, -10734
10455, -4828
-12391, 8217
-16273, 7966
139, -2570
13740, -10721
3679, -2411
-3001, 2615
-409, 1180
712, -284
387, -505
-243, 541
-1013, 904
-346, -191
-194, -347
-170, 316
54, 640
79, 471
-30, 159
-49, 200
-315, 577
-95, 382
-326, 143
-121, -79
-53, -38
32, 245
51, 293
-201, 106
-694, 166
-364, -103
-302, 109
-372, 289
-97, 117
-137, -12
-78, 19
-86, 172
-448, 373
-181, 216
-165, 143
-72, 232
27, 20
-290, 38
-151, 62
39, 179
-147, 403
-117, 324
-129, 139
-268, 266
-8, 171
-138, 126
-108, 37
3, -3
67, 199
91, 357
-122, 267
-282, 266
-1, 34
-15, 130
42, 115
-61, 94
-195, 142
-135, 50
-336, 249
-359, 355
-25, 67
38, 7
98, 82
-16, 172
-227, 204
-13, 14
-44, 121
-236, 387
-10, 95
-74, 16
-21, 19
-76, 129
-269, 254
-79, 105
-66, 18
-82, 162
8, 193
-116, 189
-58, 117
-11, 83
-104, 281
-2, 270
-52, 78
-40, -14
30, 88
50, 117
35, 149
-22, 90
-157, 80
-111, 23
-78, 46
238, -80
-1, 72
-76, 177
-94, 111
-44, -77
56, -8
69, 139
-13, 129
-79, 109
-1, 74
-26, 50
-49, 19
20, 23
64, 16
76, 108
79, 71
96, 92
101, 105
-64, 150
-53, 46
35, 50
72, 187
83, 237
-36, 78
-45, 13
-4, -28
11, -5
36, 63
31, 14
49, -26
5, 18
-126, 137
130, 237
226, 169
7, 143
-47, -34
-37, 72
-79, 269
34, 154
-124, 118
-135, 252
153, 211
23, 138
15, 4
-62, 106
-257, 334
-53, 191
-162, 169
15, 236
130, 143
12, 119
13, 19
-3, 122
-76, 286
31, 169
33, -31
-206, 199
-39, 95
-4, 18
-16, 11
13, 29
36, 48
39, 118
101, 32
167, -85
12, 55
-94, 90
-60, 66
63, -15
172, -1
101, 157
190, -2
116, -196
52, 1
-9, 141
-7, 99
26, -86
120, -91
51, 45
94, 0
-92, 49
34, 61
-5, 51
-22, 22
-25, 25
-169, 128
-31, 68
103, -80
21, -58
-42, 15
-109, 44
-49, 123
99, 44
149, 3
31, 118
121, 48
255, -156
-44, -33
-88, -11
-38, 20
135, -79
363, -110
170, 119
178, 29
-17, 54
114, 78
36, 73
39, 24
16, 46
-17, 102
48, 69
219, -106
50, -112
-81, -9
8, 85
51, 115
51, -6
130, -99
95, 39
38, 84
382, -193
79, -73
-75, 144
-46, 124
-8, -56
19, -7
0, 92
-107, 150
-127, 231
67, 61
46, -49
77, 8
11, 151
-136, 159
-48, 70
-39, 1
233, -93
31, 37
-90, 190
-83, 131
22, -47
112, 0
21, 141
75, 66
-184, 84
-19, 7
23, -45
50, 56
66, 53
119, -51
30, -30
97, -18
117, 100
-5, 26
101, -65
100, -28
85, -28
261, -133
167, -63
139, -41
27, -1
41, -27
-14, 37
21, 137
51, 150
-16, 107
-40, 5
84, -45
-37, 86
7, 73
-48, 17
28, 19

Anchor ToF: 1.131 ns Dist: 0.338853 m DistRaw: 0.168853 m DistScal: 0.168853 m Bias: -0.170 m ClockOffset: 3.033 ppm

Ra  000000023b4ab124 Db 000000023b4a3f4b

Ra1  709.698017 Db1 253.577599  ns

Rb  00000002f9b6f7ba Da 00000002f9b78edc

Rb1  49998941.212189 Da1 49999546.712240  ns

21 19 Rx time = 1.689610518941244e+001 FB5E668F47

21 19 Rx time(un) = 1.689610543269231e+001 FB5E66CC00

txdly 4052 rxdly 4052
RX DATA: 41cc19cadeb38646803b054211828a46803b994011214e5e

RX OK WInd(0735), HLP(0744.6406), PSC(0291), SLP(0000.0000), RC(00FB 5E668F47), DCR(0), DCI(0), NTH(065C), T(7BBA), RSL(-078.8954), FSL(-082.4388), RSMPL(26)
Accum Len 1016
118, 104
42, 24
-21, 86
-22, 54
-36, 25
-52, 41
-178, -95
-69, -3
-81, -84
316, 286
216, 24
40, -3
-33, 27
-31, 8
78, -9
49, -65
-139, -250
-11, 180
65, 226
-36, 117
-11, 49
-151, -15
-235, -216
101, -123
172, 51
47, -69
6, -108
-24, -43
-17, -34
175, 75
302, 241
9, 77
-31, 66
220, 144
86, -23
-124, 3
-105, 28
96, 70
243, 150
60, 101
49, 147
59, 140
91, 102
-52, 75
22, 27
32, -2
1, -42
5, 23
-50, -86
-156, -74
-50, 60
84, 66
109, 78
10, 29
-31, -35
42, -28
156, 124
30, -176
112, -259
191, -116
-2, 14
66, 121
249, 228
73, 110
36, 92
-70, 44
-4, 144
166, 235
190, 108
16, -28
-40, -178
125, -19
49, -21
-103, -69
44, 22
237, 141
89, 143
-86, 38
37, -48
147, -77
92, -8
61, 117
40, 66
-36, 43
-35, 43
7, -20
-55, -75
-44, -3
-13, -17
11, -16
13, 32
57, 15
114, -13
77, 30
44, 109
57, 66
77, 78
184, 139
149, 15
34, 41
-46, 93
-14, 48
44, -64
104, -6
116, 152
-47, -70
-46, 3
-4, -2
-26, 59
-16, 52
-2, 22
-61, 63
-72, -32
-55, 32
-34, -31
60, -18
83, 1
118, 87
223, 286
108, 174
147, 190
255, 67
203, -86
17, -143
-85, -45
87, 84
198, 175
-6, 72
-66, 48
10, 100
9, 96
-15, 25
21, 26
12, -23
-70, -121
-76, -72
0, -34
193, 186
39, 17
-120, -96
-49, -38
105, 75
82, 277
-128, 125
-75, 42
54, 4
95, 6
142, 83
126, 62
97, 37
233, 95
196, 75
191, 192
7, 46
5, 60
51, 129
89, 66
29, -8
70, -18
133, 86
175, 149
-7, -102
49, -15
93, 30
35, 73
47, 35
123, 65
47, 56
20, 34
-149, -97
-90, -26
-99, 7
-75, 31
22, 41
-3, 6
4, 24
69, 77
85, 64
12, 111
-26, 36
30, 48
20, 39
-103, 108
-58, 99
81, 82
48, 81
-11, 70
-43, 60
30, 22
88, 14
87, 82
32, 111
79, 144
10, -105
50, -70
170, -25
106, 7
25, 56
36, 78
19, 18
-128, -123
103, 320
71, 260
14, 152
96, 76
-96, -17
-194, -102
54, -5
201, 61
-90, -176
-57, -26
98, 49
8, 68
-23, 14
3, -99
66, -21
-30, -54
-151, 72
-52, 162
-21, 106
7, 66
-114, -1
-263, -174
-26, -63
146, 60
10, -146
-36, -211
-26, -29
-76, 36
97, 104
229, 207
91, 122
221, 280
234, 69
125, -21
-41, -101
-79, 19
36, 74
80, 49
-83, 12
-145, -73
50, 92
44, 39
39, 31
-15, 51
-1, 32
44, -8
96, -3
244, 220
61, -5
-55, -33
-43, -14
10, -16
144, 54
130, 187
-107, 196
-15, 97
313, 56
151, -109
-80, -117
-181, 43
18, 60
131, 41
-18, -45
-82, -28
32, 38
55, -94
-54, -117
-29, -46
158, 71
304, 242
24, 141
21, 113
351, 93
239, -32
-76, -87
-187, 42
19, 28
65, -89
4, -3
-63, 34
-93, -4
27, 98
187, 177
139, 132
-8, 26
90, -17
229, -5
151, 105
220, 169
77, -37
-96, -76
-121, -8
141, 73
261, 285
-23, 117
-3, 94
140, -84
47, -102
-25, -17
-31, 0
159, 13
271, 79
30, 69
-210, -119
-4, 357
17, 330
-119, 118
49, -5
-6, -23
-206, -11
-104, 60
81, 29
97, -139
-17, -88
-166, -54
-168, -9
47, 22
87, 2
-73, 35
-60, 26
35, -13
87, -36
55, -54
5, 37
37, 95
100, 144
46, 24
38, 41
60, 84
-4, 110
-6, 111
52, 55
7, 13
-8, 6
79, 69
50, 34
-102, -70
-9, 105
156, 90
81, 109
-52, 68
-63, 15
56, 51
95, 46
90, 46
72, -17
25, 39
-4, 45
-25, 83
-20, 132
10, 82
-135, -94
-28, 197
93, 119
177, 62
177, 55
-53, 95
-120, 107
71, 46
286, 248
166, 102
58, -47
25, -70
-2, -4
134, 77
244, 219
-47, 165
-19, 87
19, 122
-77, 145
-182, 19
-9, -19
45, -1
-108, -6
-123, 67
98, 68
283, 64
86, -14
-123, -57
-121, 11
72, 53
92, 13
-14, -38
-22, 8
186, 18
124, -130
17, -92
-54, -9
155, 68
395, 275
168, 128
98, 194
53, 147
81, 91
111, 25
97, 5
61, 70
25, 124
49, 117
238, 276
197, -4
36, -51
-36, 51
-56, 74
39, 20
185, 58
82, 39
140, 170
99, 50
3, -94
-26, -30
-11, 34
171, 44
260, 104
-24, 69
-99, 9
130, 224
-5, 131
-16, 102
95, 16
96, 37
127, 229
-5, 135
61, 85
119, 46
129, 35
25, -14
-53, 67
-34, 94
16, 92
9, -19
67, 58
187, 2
150, -116
-43, -150
-121, -11
34, 82
87, 156
-103, 38
-279, -176
-116, 64
68, 122
143, 128
118, 98
-39, 35
-41, -12
181, -35
231, 136
22, 54
54, 20
76, 12
62, 26
29, 58
-8, 73
50, 77
133, 185
-55, -89
-9, -45
65, 63
-9, 103
70, 65
269, 148
123, 87
84, 126
-86, 42
-130, 102
-97, 137
66, 19
98, -21
91, 39
17, 95
38, 25
-128, -48
-4, 104
189, 145
112, 137
-115, 65
-164, -29
47, -35
41, -24
30, 80
59, -25
-12, -52
-39, 5
-38, 61
-34, 62
7, 41
81, 108
-20, 48
-57, 114
-65, 30
34, -10
60, 24
-93, 17
-60, 107
9, 40
-65, -80
16, 95
140, 241
66, 181
-87, 2
-45, -173
303, -133
284, 138
64, 8
-41, -20
-89, -56
-33, -7
139, 21
187, 94
-64, 76
41, 162
189, 9
142, -108
47, -77
-11, -9
127, 72
320, 310
46, 206
-6, 86
110, 136
111, 104
156, 25
97, 4
65, 23
65, 113
45, 111
-1, 1
7, 235
-22, 223
-45, 78
97, 6
23, -26
-196, -100
-33, -3
44, 8
-319, -135
-80, 52
117, 142
161, 99
-37, 47
-114, 53
68, 70
48, -19
-72, 3
0, 89
222, 128
203, 89
-7, 40
7, -58
178, -67
218, 129
111, 10
26, -131
-95, -150
-125, -27
76, 78
112, 144
-107, 34
-292, -204
-2, 122
103, 149
154, 124
114, 100
-33, 15
-27, -9
132, -36
100, 43
-66, -37
13, -4
-7, 8
36, 15
81, 6
55, 104
88, 51
148, 127
-32, -40
-5, 44
146, 102
160, 71
72, 54
70, 111
23, 91
1, 45
85, 212
25, 74
-47, 100
30, 62
83, 16
109, 105
27, 122
70, 86
-32, 36
-11, 60
55, 71
113, 25
61, 51
141, 193
30, 158
146, 155
174, -29
123, -131
-24, -70
-130, 20
73, 54
229, 61
66, 43
37, 182
8, 21
5, 33
46, 26
25, 49
27, 46
-14, 30
19, 59
56, 44
76, 46
95, -37
17, -16
-71, 89
-54, 44
-47, -119
-6, -82
-57, -52
-11, 28
-28, 31
73, 9
66, 0
5, 31
-17, 45
-35, 97
22, 29
110, 200
86, 154
36, 56
53, 36
14, 43
-9, 72
18, 93
91, 82
-27, 66
3, 2
23, -24
24, 5
14, 88
-60, 171
-44, 123
6, 85
-49, 36
-60, 56
-37, 16
48, -8
59, 26
18, 68
-46, 47
-83, -100
44, -78
83, -49
85, 87
-21, 108
-8, 55
167, 57
186, -24
147, 155
-32, 148
25, 87
25, -85
41, -9
53, 35
-26, 50
-97, 79
79, 135
114, 150
-12, 46
-171, -75
-32, -90
117, -5
30, 52
-114, 117
-73, 28
114, 77
84, 64
-20, 25
-11, 35
-30, 29
-107, -14
-20, -6
-58, -120
-115, 171
-81, 200
13, 149
125, 48
33, -55
-109, -165
18, 5
79, 10
-23, -25
-10, 9
34, 24
28, 21
64, 26
168, 176
88, 117
117, 138
168, 60
-64, 27
-209, -102
-54, -78
102, 1
-45, 67
-213, 103
-193, -98
-154, -21
-40, 179
-7, 145
125, 63
-60, 66
-212, 24
65, -13
284, 228
123, -140
44, -119
33, -61
-35, 28
119, 38
255, 129
61, 74
31, 108
-72, 70
74, 146
208, 140
131, 116
-31, 55
44, 47
186, 22
162, 131
127, 4
119, -159
-8, -79
-73, 7
85, 108
229, 219
237, 222
1545, 2034
9385, 12049
12801, 16426
5369, 10179
-9949, -12795
-9002, -16465
5013, 168
13469, 12613
2696, 2776
-3509, -3270
-1393, -348
510, 752
662, 344
-555, -127
-1182, -768
242, -376
434, -216
-353, -234
-617, 71
-421, 171
-75, -31
-168, -28
-662, -171
-314, 19
-95, -241
166, -232
97, -68
-213, 130
-267, 138
-56, -175
6, -765
182, -473
-116, -344
-368, -366
-88, -96
77, -115
41, -48
-71, -83
-349, -467
-109, -194
-153, -203
-48, 146
43, 105
-29, -265
-17, -115
-128, 56
-492, -71
-314, -73
-94, -124
-273, -216
-153, 14
-68, -136
-20, -103
28, 49
-177, 228
-324, 194
-264, -152
-211, -181
8, 37
-64, 33
-54, 75
-24, -17
-46, -166
-43, -103
-288, -396
-318, -321
14, -10
77, 37
-39, 101
-128, 36
-132, -82
16, -26
-110, -80
-346, -81
-62, 50
29, -39
47, -19
-63, -17
-257, -186
-40, -62
15, -37
-127, -80
-129, 17
-187, -80
-65, -68
-38, 1
-266, -81
-189, 22
-38, -78
21, -71
-67, 49
-69, 110
-42, 66
-39, 10
-64, -115
-18, -66
2, -31
10, 0
-82, -59
-141, -77
-103, -59
122, -9
156, 24
-40, 88
-86, -27
-100, -85
-47, 9
-17, -13
22, -34
68, 26
43, 93
-54, 117
-40, 39
-53, 76
-79, 117
-139, -25
-1, -63
23, 44
-120, 217
-178, 178
-35, -17
10, -84
71, -19
64, -34
2, 30
27, 25
65, 41
66, -2
-131, -134
-20, 402
-67, 335
-82, 50
124, -69
-10, 2
-277, -30
-102, 75
-99, -155
-120, 99
-75, 222
-93, 39
29, 0
-49, -11
-316, -86
-134, 57
-153, -198
-66, 116
-51, 170
-65, 48
36, -4
-80, 13
-286, -44
-91, 52
60, 46
-262, -232
-103, -32
25, -16
46, -18
33, 38
33, 56
-62, 98
87, 140
103, -40
-15, -94
-54, -88
0, -76
99, 41
73, 162
-96, 140
138, 197
176, -45
82, -36
-90, 27
-79, 32
152, 6
219, 41
41, 80
99, 123
34, 23
17, 65
-28, -14
20, 33
6, -13
-67, -142
-23, -21
196, 190
69, -57
21, -106
-23, -116
-83, -8
68, 53
62, 37
-45, 19
37, 160
196, 88
74, -76
53, -94
28, -84
152, 79
233, 369
-12, 181
75, 171
7, 115
-26, 173
-75, 104
9, 70
6, 15
-15, -17
54, 90
244, 239
87, -171
22, -103
9, -14
-57, 46
74, 63
231, 137
22, 55
-36, 65
216, 212
121, 8
-114, -48
-59, -9
130, 10
137, 17
-23, 37
-142, -111
-76, 3
59, 122
95, 73
67, 70
-114, 4
-203, -166
-7, -94
47, -67
92, 38
4, -31
-128, -82
-62, -55
129, 42
23, 81
-91, 86
-2, 72
-33, -135
57, -24
102, 48
7, 82
10, 60
86, 62
99, 76
88, 122
-18, 35
43, -44
136, 52
78, 100
114, 92
265, 246
134, 108
70, 101
130, 88
108, 77
39, 3
-53, 37
-86, 61
-109, -48
65, 13
114, 139
12, 9
-1, 25
12, -28
23, 5
-1, 44
-94, 88
-77, 103

TX Frame TimeStamp Raw  = FD 99B0CE52
   Adding Antenna Delay = 00FD 99B0CE52
08 Tx time = 1.704610544198843e+001

29 1A Rx time = 3.870335555639023e-002 009367C58C

29 1A Rx time(un) = 3.870359775641026e-002 0093680200

txdly 4052 rxdly 4052
RX DATA: 41cc1acadeb38646803b054211828a46803b99401129525eb8874e9d0f03c350529ebabc53cf29

RX OK WInd(0735), HLP(0745.7188), PSC(0288), SLP(0000.0000), RC(0000 9367C58C), DCR(0), DCI(0), NTH(058F), T(7ABA), RSL(-079.2178), FSL(-082.7081), RSMPL(26)
Accum Len 1016
62, 137
70, -28
-53, 63
79, 85
7, 90
42, 111
35, 104
-43, 180
-6, 123
-66, 121
202, -166
-28, -166
-21, -40
73, 133
31, 134
-98, 60
-93, 24
-177, 157
54, 163
144, 47
92, 65
89, 71
-16, 182
-197, 231
-111, -24
30, -86
136, -99
-93, -72
-90, 64
-35, 111
94, -51
252, -197
92, 61
41, 91
331, -260
24, -89
-50, 159
37, 184
68, -11
150, -124
93, 16
103, 11
129, -23
94, 32
47, 76
14, 41
-34, 17
-53, 41
-14, 82
-87, 94
-120, 227
3, 138
36, -21
69, -43
8, 106
-17, 109
-26, 26
94, -68
52, -150
-181, -127
-90, -87
8, 51
90, -9
182, -144
93, -29
69, 35
-183, 276
82, 153
220, -56
104, -112
-43, -22
-80, 3
26, -96
-16, 16
-202, 224
-53, 3
134, -159
138, 3
79, 141
-22, 66
-39, -90
2, -40
92, 39
92, 95
41, 92
22, 72
-10, 19
-63, 102
19, 103
-22, 81
56, 70
21, 43
13, 16
-11, -50
54, 2
92, 29
81, 50
57, 23
90, -70
-1, -59
26, -18
73, 73
34, 48
-32, -34
52, -37
158, -56
-109, 119
-7, 119
-5, 39
27, 49
45, 88
14, 126
40, 131
-19, 122
109, 88
-9, 65
27, -40
-6, -19
61, -40
223, -142
130, -78
156, -70
224, -277
-33, -146
-167, 74
-52, 164
58, -37
155, -89
50, 52
52, 109
121, 13
58, 17
46, 70
55, 68
35, 79
-93, 160
7, 167
-5, 83
352, -182
38, -21
-92, 137
-46, 86
82, -38
215, -21
176, 191
35, 115
80, 11
46, -35
96, -64
69, -10
36, -21
59, -114
114, -146
181, -118
-19, 40
30, 58
126, -28
77, 12
8, 23
24, -14
80, -83
148, -98
-83, 53
-28, 11
21, -40
54, -1
42, -6
92, -98
76, -13
55, 1
-90, 154
9, 120
-5, 122
29, 113
36, 53
18, 36
-35, 79
63, 10
43, -11
130, 111
38, 80
19, -1
36, 17
54, 113
85, 139
41, 12
66, 39
71, 62
36, 50
44, 47
38, 0
76, 20
100, 64
112, 10
-92, 81
-50, 14
-17, -107
51, -13
74, 55
68, -9
-10, 48
-93, 157
102, 148
160, 67
121, 42
98, 7
26, 154
-108, 308
-48, 8
61, -144
-136, 112
-3, 127
65, 9
43, 49
54, 101
8, 2
28, 2
-85, 96
-112, 282
55, 109
60, 26
71, 59
39, 165
-122, 257
-53, 87
41, -61
54, -135
-67, 37
-18, 58
53, 109
75, -79
225, -205
103, -45
227, -110
205, -232
8, -49
-57, 123
31, 117
49, 35
75, -18
56, 174
-25, 177
113, 73
-17, 28
10, 24
23, 38
33, 62
-36, 54
36, 14
169, -100
91, -89
36, 109
32, 115
-20, 34
15, -124
164, -63
139, 172
39, 84
211, -310
-41, -147
-133, 167
28, 222
52, 50
-18, 83
5, 117
-19, 121
233, -161
-23, -66
-130, 81
-28, 93
95, -67
185, -147
155, 76
108, 29
245, -314
3, -165
-125, 147
14, 247
3, 29
-100, 36
-23, 96
5, 106
-190, 215
40, 43
167, -115
99, -42
5, 50
3, -39
-61, -173
36, -56
271, -252
12, -89
-55, 176
-5, 155
43, -80
185, -68
71, 75
81, 44
90, -184
-28, -86
-42, 85
2, 101
29, -88
142, -188
84, 35
-121, 250
81, 250
213, 118
82, 89
31, 2
-26, 134
-103, 318
-13, 125
43, -23
62, -118
-24, 61
-88, 205
-10, 188
26, -34
51, 18
79, 163
67, 104
54, -1
8, -16
0, -11
19, 37
48, 10
130, -65
51, -5
54, 7
67, -5
83, 53
55, 54
60, 46
40, 50
36, 83
85, -12
52, 0
-142, 303
74, 129
128, -55
104, -44
50, 62
63, 58
51, 7
48, -38
19, 7
9, 51
23, -1
43, 61
77, 104
87, 22
19, 55
-90, 195
82, 217
117, 35
111, -36
72, -65
38, 120
64, 212
73, -10
198, -191
191, -153
-8, -4
-78, 49
3, 71
74, -56
197, -146
169, 93
74, 52
107, 37
163, 203
79, 265
-20, 19
-33, -28
2, 153
47, 218
58, -3
185, -269
4, -32
-53, 175
-6, 157
18, -23
1, -47
-49, 79
-10, 65
222, -223
-50, -139
-82, 11
7, 91
109, -91
316, -269
187, -107
190, -49
36, 35
92, 1
42, -39
-9, -57
42, -56
144, -25
117, -18
233, -151
33, -198
-50, 18
20, 72
104, 136
68, -10
70, -79
66, 24
131, -35
158, -131
0, 32
-7, 55
34, 37
35, -115
151, -180
97, 105
5, 130
249, -18
119, 46
84, 60
25, -14
41, -4
141, 21
168, 56
74, 16
5, -18
-5, -34
-21, 22
54, 103
71, 76
75, 15
16, -13
62, -20
148, -198
-34, -93
-141, 98
-9, 186
60, 12
107, 15
-2, 149
-165, 288
-1, 207
81, -12
120, -105
133, -35
69, 157
-38, 149
18, -127
153, -166
24, -6
31, 35
11, -25
-3, -25
53, -26
118, 0
52, 7
131, -34
-68, 78
-27, 66
45, -12
89, 10
39, -37
126, -118
131, -85
109, -9
47, 134
84, 138
79, 107
45, 2
24, -56
57, -23
139, 55
63, 39
-183, 335
47, 134
103, -120
107, -46
37, 141
-33, 111
10, 2
-18, 26
88, 48
-6, 20
-55, 100
14, 75
44, 45
1, 143
20, 99
71, 7
-56, 115
80, 118
-19, 84
-29, 8
33, 6
39, 119
104, 187
54, 37
-244, 223
27, 97
218, -37
177, 18
13, 165
-95, 69
-97, -221
148, -193
194, -96
13, 57
-32, 162
3, 89
27, -66
128, -50
147, 129
168, 25
135, -237
-45, -118
-83, 6
-9, 64
89, -80
274, -182
142, 69
104, 76
123, -58
65, -8
35, -39
31, -21
73, 31
103, -15
71, 19
-22, 78
38, 253
168, 183
69, 102
-7, -41
-48, 31
-97, 234
24, 141
-30, 56
-230, 403
22, 162
100, -75
95, -66
53, 131
24, 101
43, -63
30, -14
-88, 284
4, 52
118, -134
100, -74
60, 94
-12, 61
13, -143
128, -154
130, -151
-7, 25
-127, 138
-27, 189
57, -6
71, -39
9, 189
-121, 266
45, 203
125, 32
153, -12
104, -36
13, 77
-28, 130
-12, -56
12, -49
-34, 52
14, 61
15, 46
32, -12
6, 6
65, 40
29, 33
131, -58
-84, 95
36, 113
107, -11
33, -78
29, -1
117, -48
81, 7
14, 49
212, -24
89, 40
82, 61
75, 28
33, 26
99, -19
134, 25
71, 10
58, 31
36, 27
75, -55
88, -68
86, -5
151, -83
156, 38
147, -68
116, -181
-76, -111
-75, 42
33, 155
67, -12
91, -144
86, 21
151, 11
-9, 70
32, 81
59, 16
61, 26
45, 23
54, 59
76, 76
37, 17
-7, 22
20, 10
4, 57
59, 122
21, 129
-108, 99
-82, 45
-17, 68
20, 42
12, 50
24, -17
34, 22
36, 50
28, 111
38, 66
19, 24
186, 24
127, 45
73, 43
45, 8
30, 53
98, 54
154, 26
88, -7
22, 79
26, 79
-26, 23
2, 7
69, 15
117, 25
87, 83
54, 52
-39, 73
-22, 47
-31, 38
25, 48
64, 32
95, 32
15, 95
-80, 112
29, -2
-8, -43
63, 26
98, 85
41, 69
52, 7
61, -100
132, -72
67, 71
69, 37
-60, 8
-12, -9
45, -4
57, 37
61, 163
107, 2
215, -150
60, 38
-87, 201
-50, 112
41, -26
76, 50
55, 191
18, 118
85, -16
53, 25
2, 64
42, 84
38, 106
-16, 191
-15, 125
-73, 84
-66, 299
153, 230
150, 83
35, -81
-60, 35
-126, 146
-33, 39
-9, -26
9, 19
-22, 33
38, -8
65, 3
47, -69
138, -54
137, 5
158, -46
198, -170
48, 63
-141, 219
-70, 123
25, -22
25, 93
68, 333
-75, 234
-66, 301
116, 124
128, 14
72, -57
46, 110
17, 163
5, -15
189, -189
74, -184
-67, -62
-89, 23
20, 89
68, -30
144, -119
91, 0
83, 37
-103, 241
54, 67
139, -163
144, -97
85, 102
142, -12
107, -94
132, -73
191, -133
-88, -86
-119, 39
17, 126
120, -37
243, -120
241, -132
1514, -1034
11151, -7991
16251, -11802
9927, -5065
-12533, 9110
-16455, 8557
-604, -3169
12087, -11989
2677, -2385
-2573, 2837
-196, 1239
746, -357
325, -553
-162, 620
-729, 1071
-345, -188
-210, -335
-180, 364
129, 653
143, 469
-6, 140
-49, 227
-201, 660
-51, 435
-227, 150
-128, -89
-53, -41
56, 269
83, 315
-165, 101
-644, 126
-433, -52
-275, 135
-219, 295
-55, 110
-126, -8
-72, 68
-90, 180
-452, 379
-216, 185
-158, 168
-27, 248
51, 86
-261, 98
-147, 50
42, 178
-73, 472
-113, 425
-117, 156
-195, 287
32, 200
-105, 138
-85, 20
37, -18
126, 239
142, 433
-111, 289
-293, 301
1, 70
22, 90
43, 75
-57, 60
-175, 151
-149, 97
-314, 271
-280, 417
-29, 68
33, -9
64, 29
11, 172
-123, 252
14, 63
-57, 140
-190, 422
37, 155
-66, 34
-17, 0
-33, 131
-213, 308
-124, 119
-31, 34
-19, 130
51, 182
-72, 242
-34, 126
7, 86
-40, 307
22, 317
-34, 81
-23, 11
61, 113
115, 128
29, 94
-15, 82
-74, 105
-72, 92
-48, 49
150, -95
-28, 70
-81, 173
-22, 152
-25, -84
-4, -57
52, 105
-19, 142
-63, 120
10, 55
-33, -2
-4, 43
45, 6
90, -6
81, 87
46, 47
98, 104
139, 175
-44, 197
-50, 55
48, 12
106, 219
98, 235
-36, 82
-49, 18
-23, -55
-35, 17
-5, 64
61, 72
39, -18
-29, 30
-148, 192
123, 218
208, 146
41, 146
-44, -25
-9, 114
-41, 324
36, 187
-116, 147
-51, 292
206, 231
51, 162
-17, -11
-61, 114
-195, 363
-29, 201
-172, 201
8, 263
131, 134
66, 115
49, 15
25, 171
-27, 360
51, 218
52, -11
-155, 201
-29, 128
10, 0
-2, 10
23, 21
29, 22
51, 96
117, -2
176, -128
-8, 23
-90, 131
-42, 79
30, -46
120, -34
145, 153
179, -45
66, -195
36, 8
13, 162
9, 134
46, -79
106, -160
45, 44
84, 8
2, 78
82, 121
6, 87
23, 26
-23, 37
-147, 165
-30, 127
146, -87
21, -114
-54, 1
-128, 40
-8, 121
67, 22
97, -4
20, 139
152, 42
211, -180
-79, -74
-141, -14
-46, 65
121, -68
316, -145
156, 57
156, 10
31, 46
75, 79
24, 57
126, 48
57, 39
9, 104
41, 46
216, -121
48, -116
-44, -15
-15, 67
71, 105
92, -45
127, -143
43, 16
55, 59
337, -249
67, -74
-58, 172
-34, 132
-15, -66
-36, -39
-34, 47
-104, 146
-87, 187
64, 42
52, -48
110, 19
6, 214
-144, 221
-94, 62
-47, -2
228, -122
47, 68
-90, 195
-71, 99
14, -50
105, -21
39, 154
44, 41
-145, 50
-18, -1
64, -33
93, 35
42, 44
86, -31
40, -29
85, -31
44, 41
25, 30
93, -22
88, -20
70, 6
224, -163
151, -82
92, -37
55, -29
20, -22
-24, 4
66, 126
50, 173
-7, 156
-35, 15
96, -50
-26, 84
33, 46
-24, 38
19, 16
22, 34
37, 140

Anchor ToF: 1.287 ns Dist: 0.385756 m DistRaw: 0.215756 m DistScal: 0.215756 m Bias: -0.170 m ClockOffset: 3.042 ppm

Ra  000000023b4ab14b Db 000000023b4a3f0b

Ra1  710.308368 Db1 252.575997  ns

Rb  00000002f9b6f73a Da 00000002f9b78eb5

Rb1  49998939.208984 Da1 49999546.101888  ns
