File:20200604-022556_DecaWaveAllAccum.log, created by DecaRanging MP Version 3.05 (build:Oct  7 2015, 15:44:09)
Mode: 1, Chan 2, Code 9, PRF 64, Plength 1024, DataRate 1, PAC 2, ic:8186b3, ucode:xxxx, antdl:80A5

TX Frame TimeStamp Raw  = BF D1BC4852
   Adding Antenna Delay = 00BF D1BC4852
DA Tx time = 1.289340336666792e+001

10 44 Rx time = 1.304340421968900e+001 C20D071D3C

10 44 Rx time(un) = 1.304340446314103e+001 C20D075A00

txdly 4052 rxdly 4052
RX DATA: 41cc44cadeb38646803b054211828a46803b99401110020000fd01000000392b

RX OK WInd(0735), HLP(0745.2188), PSC(0284), SLP(0000.0000), RC(00C2 0D071D3C), DCR(0), DCI(0), NTH(0A46), T(74BA), RSL(-078.7486), FSL(-081.8222), RSMPL(20)
Accum Len 1016
90, 212
64, 38
-71, 119
23, 47
-37, -135
-46, -322
104, -23
158, -24
56, -64
-98, -59
155, 328
185, 260
41, 211
14, 127
-96, 117
-45, 250
-27, 128
0, -97
459, 346
502, 523
-64, 176
-227, -102
34, 51
316, -148
78, -350
106, -42
-252, -105
-359, -322
301, 144
150, 113
-101, 50
-183, 218
186, 240
220, 80
-238, -238
-229, -65
133, 192
-51, 76
-78, 64
8, 208
36, 110
16, 162
-123, 39
136, 171
120, 135
186, 157
74, 65
59, -90
-55, -53
-161, -38
313, 124
204, 51
55, -32
191, -7
154, -51
-91, -73
-191, 81
15, 119
-150, -109
-512, -449
21, -17
146, -60
-113, -68
-214, 183
-21, 483
-144, 50
206, 84
305, 119
-142, 156
168, 471
232, 293
165, -85
109, -43
-60, 2
163, 282
172, 219
-65, 88
208, 63
54, 80
-20, 129
35, 133
94, 98
180, 204
189, 34
64, -12
52, 10
9, 129
49, 193
29, 32
54, -51
-49, 40
-61, 84
88, 112
72, 4
103, 2
94, 3
142, -61
95, 43
-52, 298
-11, 212
80, 285
113, 326
-25, 46
-129, 150
-57, 354
27, 49
-72, -122
5, -120
-121, -26
10, 59
-6, -39
-36, 38
-111, 130
31, 179
305, 107
-64, -405
101, -20
91, 164
-25, 44
32, 2
96, 118
-66, 123
-277, 28
-303, -152
271, 144
200, 61
-51, -29
-139, 180
77, 301
75, -41
72, -37
-34, -53
-13, 51
161, 110
65, 116
-28, 214
-104, 58
118, 74
-117, -185
-27, -19
318, 56
-166, -182
-135, -107
-67, 53
210, -2
124, -30
54, 123
-23, 124
141, 230
80, 360
19, 195
49, 94
104, 236
70, 104
-153, -141
101, -125
-67, 1
22, 191
89, 167
-10, 5
14, 8
5, 225
-173, 64
-134, 79
97, 176
76, 72
9, 56
-186, 157
-89, 190
77, 0
54, -9
-73, -144
-173, -171
89, 86
138, 51
128, -36
72, -144
163, 100
-108, 71
104, 300
6, -43
-70, -125
16, -73
66, -41
124, -2
-20, -139
48, -134
97, 80
-3, 26
-102, 45
51, 191
158, 8
141, -59
49, 228
-8, 225
-129, -214
-6, -45
231, 99
20, -58
-153, 121
-4, 349
132, 112
508, 548
579, 587
-4, 79
-17, -144
182, -83
307, -199
41, -236
17, 35
23, -58
-73, -327
-74, -154
137, 48
35, -20
91, -62
6, -46
-17, -48
296, 402
283, 345
-170, -9
56, 45
202, 152
134, 44
-8, -180
248, -14
-365, -374
-580, -488
-36, 138
75, 32
19, -89
87, 23
148, 140
117, 106
-394, -200
-147, -53
113, 49
62, -54
-7, -59
21, 77
-85, 146
28, -21
248, 195
64, 32
-72, -17
-44, 3
2, 74
123, 85
-53, -21
99, 103
-261, -490
-226, -490
31, -299
-33, 86
-24, 101
23, 28
4, 44
39, 34
-180, 264
-303, 66
64, 158
120, -160
127, 9
1, 162
-175, 0
-102, -114
-220, -306
-308, -408
205, 25
38, 103
-101, 31
-135, 345
-2, 331
-8, -36
-418, -212
-171, 123
207, 56
122, -63
67, 64
-118, 315
-31, 255
40, 150
83, 111
327, 259
-46, 164
112, 304
72, 39
36, -209
29, 146
205, 258
-10, -2
-70, -145
287, 130
-41, -92
-130, -24
26, 73
177, -10
189, 113
-207, -247
-313, -425
142, -12
69, 131
-78, 3
-62, 163
3, 209
-27, -211
651, 366
753, 767
-73, -59
-167, -65
112, 170
236, 39
158, -318
207, 104
-294, -76
-265, -17
75, 5
-192, -235
-54, -15
48, 34
194, -56
-14, 70
-76, 69
-40, 145
129, 232
166, 109
26, -101
-142, 19
-28, 155
112, 108
-113, 86
78, 193
25, 31
19, -58
40, 65
201, 3
97, 108
65, 166
268, 178
351, 311
83, 170
223, 223
96, 17
-134, 46
-44, 320
128, 122
80, -1
67, -102
-50, -136
-65, -183
18, -167
69, -120
125, -37
71, 88
671, 495
441, 382
-24, 92
6, -5
68, -10
41, -37
185, 124
246, 246
-190, -262
-330, -415
141, 103
98, 76
-129, -33
-233, 133
15, 392
36, 100
111, 43
279, 126
-34, -199
-112, -77
78, 102
241, -90
12, -275
72, 56
-314, 28
-300, -3
-171, 35
-67, 18
139, 100
229, -13
62, -213
72, 27
-227, -109
-385, -151
198, 80
36, -65
-70, -12
-114, 271
10, 327
-81, 144
-50, -32
191, 30
208, 38
190, 210
22, -22
-83, 59
136, 239
375, 333
-305, -96
-302, -162
-5, 74
-95, 179
41, 119
84, 52
133, -42
280, 191
-152, -147
-353, -294
83, -34
78, 141
39, 145
-47, 113
-50, 81
85, 151
183, 202
283, 130
-33, -208
-137, 43
39, 116
247, -195
186, -146
31, 79
38, 179
-16, 207
18, 122
90, 78
28, 14
-70, 72
1, 24
31, 39
-196, 28
-165, 54
280, 129
51, -139
-80, -140
-163, 201
-72, 206
-2, -38
395, 327
329, 382
37, 296
-8, 29
38, 37
102, -66
25, 26
-103, 104
-184, 12
54, 117
112, -31
159, -103
28, -205
-164, -9
15, 216
160, 99
-159, 7
-125, -24
-8, 262
183, 265
7, 41
-130, 18
76, 88
292, 119
204, -63
80, -47
-46, 112
-59, 236
97, 223
242, 10
180, -49
129, 115
238, 134
278, 231
-29, 5
119, 151
75, -60
41, -228
59, 20
15, -37
260, 192
-5, -1
-60, -98
-120, -142
50, 5
-43, 11
-104, 67
-32, 76
-69, -15
93, 121
95, -43
148, -31
86, 8
-76, 91
201, 47
244, -103
69, -24
177, 291
-127, 408
88, 357
170, 74
190, -269
126, -288
111, -53
-279, -349
-223, -273
279, 16
65, -83
25, -76
-42, 121
-11, 138
54, 118
-224, -50
-260, -175
242, 145
159, 172
-119, -97
-215, 51
5, 363
21, 89
36, 18
24, 24
39, -73
113, -7
-55, -40
-71, 81
-58, 190
-86, -7
512, 406
534, 345
-78, -123
68, 24
220, 151
144, 31
79, -101
-33, -30
104, -106
156, -22
-11, 13
28, 46
150, 61
40, -112
62, 23
-95, -10
349, 420
105, 204
-96, 191
169, 164
83, 64
-90, 89
-52, 91
32, 37
-223, -295
-255, -401
26, 19
-25, -1
-17, -112
81, -64
151, -152
13, -162
365, 398
508, 609
46, 224
69, 130
161, 50
140, -55
15, -65
129, 41
184, 106
-54, -91
55, 123
-30, 47
40, 27
3, -45
116, 50
-36, 120
-273, -144
-179, -9
-84, 31
66, 161
140, 2
100, -186
24, 53
157, 125
236, 205
102, 65
106, 69
-87, 98
28, 141
158, 41
69, -19
35, 82
119, -24
31, -33
86, 77
35, 273
1, 84
75, -101
75, 16
104, 129
-259, -134
-343, -165
19, 155
117, 138
-46, 112
-152, 324
70, 238
130, 111
-60, -98
86, 72
-10, 194
45, 55
69, -23
104, -71
165, 39
-30, -55
-27, 14
-52, -47
-27, 55
9, 100
30, 95
-51, 290
-49, 153
-2, -45
-21, 30
22, 10
64, -53
30, -7
89, 22
131, -111
116, -48
95, 96
106, 83
345, 215
124, -45
-190, -22
-43, 85
136, 28
154, -2
38, 35
18, 48
-15, 51
-51, -133
1, -65
123, -65
86, -36
145, 89
184, 203
38, 92
-19, 74
14, 72
121, 116
59, 56
-51, -9
-35, 31
-95, -46
-58, 135
-60, 232
78, 188
38, -70
32, -17
-26, -12
-18, 86
0, 64
176, -31
150, -129
136, -97
171, 50
-30, -136
-195, 107
-71, 403
182, 214
-192, -108
-143, -136
120, -92
-21, -109
35, 35
190, 190
173, -114
32, 56
-178, 205
-12, 411
-111, 62
-42, 52
154, 93
73, 24
99, -117
56, -112
412, 217
380, 101
-170, -78
90, 372
272, 233
218, -87
-147, -64
-41, 136
-70, 29
-130, -92
83, 88
118, 54
18, 18
-75, 19
58, 161
107, 98
-23, -153
-195, -194
70, -145
-113, -145
31, -35
105, -25
-57, -77
-154, -191
77, 127
403, 418
12, 56
-56, -45
238, 34
191, -262
92, -221
198, 87
-301, -154
-470, -226
129, 203
200, 68
64, 10
-132, 198
17, 335
60, 128
161, 136
255, 199
-41, 295
110, 311
112, -36
37, -175
72, 159
111, 148
-75, 107
-587, -299
240, 223
146, 25
-71, -65
-205, 288
758, 419
6638, 2486
15621, 6873
16455, 10589
8069, 9415
-11936, 943
-15779, 2039
-5910, 9364
1181, 7473
-2164, -2494
-4697, -7748
-3057, -4474
-2023, -696
923, 1530
1682, 744
867, -1258
-275, -1376
727, 58
1022, -450
-316, -2094
-2016, -2864
-1808, -1543
479, 113
1781, -1218
1122, -3062
137, -1613
-271, 1178
-988, 1845
-657, 1049
330, 762
1075, 1224
745, 562
-425, -1434
-1410, -2079
-839, -1024
-347, 119
-172, -299
147, -941
103, -98
-232, 1107
-857, 508
-1219, -362
-214, 147
632, 289
646, -720
652, -1346
-29, -831
-838, 316
-941, 603
-620, -563
-246, -1545
31, -1120
-48, -514
-317, -320
-345, -118
-391, 241
239, 569
345, 125
146, -301
-259, -594
-607, -590
154, -143
179, 116
-351, 124
-543, -47
-176, 117
497, 674
317, 129
-260, -992
-158, -1214
-62, -272
-331, 491
-397, 358
-28, -366
670, -221
217, -140
-351, -196
129, -132
482, -179
514, -66
-141, 136
-410, -42
-273, -333
-102, -360
-230, -347
-402, -537
-183, -394
157, -300
232, -67
173, 197
-123, -72
-293, -271
-273, 6
-124, 159
264, -28
606, -620
106, -620
-219, -153
-467, -149
-297, -556
51, -431
-46, -64
-112, 214
73, 84
-42, -238
-144, -128
-99, 19
-125, -118
147, -52
105, 21
-161, -24
-134, 28
52, -55
-213, -287
-211, -334
132, 38
30, -89
-297, -160
-168, -192
194, -344
161, -128
72, 58
61, -18
-159, -100
44, 60
123, 39
0, -100
7, 61
97, 232
-70, -129
434, 31
712, 107
105, -465
-73, -163
18, 14
217, -170
142, -369
-42, -168
211, 95
341, 258
-20, -284
-66, -203
103, 15
94, -160
-119, -289
45, -56
607, 303
488, 271
-74, -318
-232, -313
-67, -116
37, -260
-50, -206
-87, 18
17, -29
-308, -305
38, -3
244, 95
63, 39
-258, 243
-174, 174
21, -6
-192, -362
-343, -514
-3, -208
-84, -221
-93, -161
-22, 4
92, 27
221, 203
-567, -104
-288, 20
104, 148
51, 66
23, 89
-46, 128
97, -74
-125, -84
-102, -126
-16, 78
-114, 48
132, 149
89, 69
31, 62
-81, -81
38, 49
-510, -495
-540, -513
-17, -136
102, -90
43, -72
-32, 174
-49, 76
-63, -6
-360, -234
-369, -267
196, 41
204, 41
-56, -75
-256, 287
68, 457
149, 117
-98, -163
212, -5
-17, -59
-57, 22
0, -24
33, -151
50, -131
120, 21
-454, -203
-459, -9
-22, 110
-27, 113
108, 63
6, 5
153, 5
197, 33
6, -33
-4, -19
196, 141
-86, 48
-18, 135
171, 263
64, -67
-196, -45
220, 305
355, 263
-92, -23
71, -98
84, -82
-33, -126
-211, -3
93, -25
-187, -205
-119, -191
275, -30
-92, -209
-44, -63
-1, 119
98, -18
37, 53
-371, -94
-2, 318
-26, 40
85, -11
83, -81
-61, -151
120, 17
158, 183
32, 69
-88, -101
8, 190
145, 332
32, 36
-131, -84
-59, 256
99, 336
225, 299
288, 296
-170, -71
-177, -232
54, -149
176, -151
59, -112
-32, 124
31, 124
90, 117
41, -34
21, -51
-72, -47
-151, 61

TX Frame TimeStamp Raw  = C5 06BE8852
   Adding Antenna Delay = 00C5 06BE8852
DB Tx time = 1.324340362307818e+001

Tag ToF: 8.300 ns Dist: 2.487392 m DistRaw: 2.387392 m DistScal: 2.387392 m Bias: -0.100 m ClockOffset: 0.000 ppm
