File:20200605-112141_DecaWaveAllAccum.log, created by DecaRanging MP Version 3.05 (build:Oct  7 2015, 15:44:09)
Mode: 1, Chan 2, Code 9, PRF 64, Plength 1024, DataRate 1, PAC 2, ic:40818a82, ucode:xxxx, antdl:80A5

TX Frame TimeStamp Raw  = D1 04483052
   Adding Antenna Delay = 00D1 04483052
E7 Tx time = 1.404935403974484e+001

10 42 Rx time = 1.419935503860865e+001 D33F9329A3

10 42 Rx time(un) = 1.419935528044872e+001 D33F936600

txdly 4052 rxdly 4052
RX DATA: 41cc42cade828a46803b994011b38646803b054211100200005e090000002251

RX OK WInd(0735), HLP(0746.3281), PSC(0549), SLP(0000.0000), RC(00D3 3F9329A3), DCR(0), DCI(0), NTH(0306), T(81AB), RSL(-083.2343), FSL(-089.1906), RSMPL(24)
Accum Len 1016
91, -4
37, -73
56, 136
63, 210
122, 211
287, 143
277, 78
122, 162
31, 221
17, 270
117, 217
382, 278
385, 268
172, 152
127, 15
108, -21
149, -86
134, 56
70, 261
-12, 304
-18, -10
218, -92
218, 54
200, 317
180, 106
173, -133
218, -86
231, 87
254, 273
156, 146
169, 114
-17, -106
59, -97
178, 126
55, 190
114, 153
47, 80
132, 181
232, 267
222, 216
51, 163
139, 106
247, 122
258, 191
134, 37
99, 41
89, 50
103, 61
137, -45
180, -57
41, -20
-134, 91
25, 104
327, 108
255, -25
106, -16
11, 168
95, 264
18, 182
-114, 217
-130, 315
169, 451
395, 406
417, 101
245, -166
95, -3
248, 90
185, 69
106, 160
-51, 217
119, 130
185, 12
295, 33
338, 124
205, 111
47, 209
69, 256
100, 138
145, 27
234, 12
184, 103
263, 136
364, 118
195, 86
2, 43
181, 122
295, 13
246, 26
151, 150
47, 206
84, 187
235, 137
128, 152
88, 165
83, 161
92, 70
112, 186
149, 229
44, 109
-4, 198
204, 194
229, 177
127, -20
74, -83
78, 79
121, 155
207, 103
57, 65
89, 120
116, 226
273, 38
176, 3
47, 146
32, 136
66, 94
163, -3
197, 143
162, 183
122, 80
141, -3
-7, 17
24, 82
65, 12
48, 15
-13, 62
-26, 79
87, -58
183, 114
122, 108
116, 170
32, 185
255, 164
354, 207
148, 151
3, 115
40, -87
72, -78
155, -84
32, -46
140, 161
209, 161
186, 73
55, 108
18, 162
174, -2
158, 56
160, 83
140, 66
166, 14
162, -50
123, 62
183, 111
155, -30
209, -71
2, 163
-6, 328
134, 97
261, -1
152, 141
53, 47
173, 50
269, 82
125, -9
242, -26
209, 114
181, 184
39, 281
43, 220
157, 152
320, 165
167, 159
-4, 73
18, 106
278, 107
304, 74
193, 53
92, 99
153, 48
269, 112
79, 87
-9, 90
160, 5
146, 93
68, 249
84, 92
75, 126
195, 166
176, -2
89, -61
101, 42
216, 141
222, 269
210, 123
143, 37
236, 104
151, 136
109, 82
103, 69
8, 101
21, 127
130, 72
227, 195
148, 158
19, 53
82, -44
241, 160
205, 133
72, 53
31, 115
161, 194
102, 199
62, 89
81, 131
126, 114
126, 140
104, 144
103, 85
93, 94
123, 197
-54, 322
-67, 252
81, 60
194, 4
172, 142
105, 246
160, 138
101, 74
123, 214
180, 276
29, 232
10, 221
88, 127
98, 128
91, 145
109, 218
66, 318
61, 278
12, 173
74, 143
4, 83
83, 173
341, 250
176, 216
10, 304
73, 262
160, 205
62, 111
30, 167
146, 56
218, 126
161, 132
73, 188
205, 217
239, 86
135, 97
152, 145
266, 173
103, 146
43, 118
47, 47
88, 37
226, 84
316, 71
192, 166
60, 95
138, -11
81, 65
76, 297
-3, 309
134, -16
262, -151
109, 45
-26, 121
87, 67
158, 200
149, 330
53, 277
-87, 108
61, 14
129, 160
100, 181
89, 161
159, -40
55, 26
116, 54
40, 93
98, 52
93, 74
99, 116
180, 105
138, 177
112, 71
29, 85
66, 170
107, -8
64, 10
-31, 7
71, 110
108, 156
161, -15
107, 10
192, 128
216, 115
212, 143
100, 183
92, 145
167, -150
143, -146
184, 8
161, 122
47, 33
77, 123
87, 121
31, 81
79, 124
-35, 101
-50, -66
146, 37
103, 101
172, 65
134, 67
149, 165
152, 260
110, 209
90, 64
38, -23
60, 154
80, 165
189, 41
132, -30
139, -51
46, -14
212, 121
128, 161
21, 55
46, -73
183, -19
133, 169
26, 241
-142, 89
-137, -75
-18, -25
216, 121
172, 91
61, 12
-19, -58
75, 55
22, 201
68, 284
104, 190
100, 185
90, 164
3, 247
75, 134
125, 95
49, 137
8, 72
21, 41
131, 130
138, 104
114, 72
147, 82
116, -22
60, -10
145, 62
113, 105
-78, 66
-35, 82
191, 100
160, 114
112, 34
106, 3
104, 27
147, 59
178, 178
86, 167
-49, 30
8, -79
115, 54
80, 19
28, 80
109, 124
270, 149
258, 171
36, 168
140, 90
349, 99
236, 170
14, 72
21, 153
67, 87
26, 132
11, 158
-39, -30
66, 33
116, 139
4, 150
90, 112
247, 108
232, 210
189, 222
130, 212
1, 185
52, 82
104, 182
239, 173
158, 111
183, -117
214, -35
163, 177
261, 210
225, 71
107, 104
75, -61
116, -11
157, 113
119, 94
115, 52
174, -2
188, 135
143, 34
91, 69
72, 125
224, 137
296, 142
183, 213
12, 121
-68, 118
77, 46
193, -69
126, -102
72, 18
65, 129
190, 132
117, 134
150, 78
72, 59
65, 51
84, 11
98, 88
92, 24
146, -50
166, -19
92, 140
93, 187
106, 25
89, 18
36, -38
28, 29
24, 19
155, 165
-58, 177
-113, 99
100, 163
99, 117
175, 15
187, 71
8, 218
-1, 206
108, 164
244, 78
241, -28
145, -10
65, 209
113, 131
171, 152
247, 156
35, 142
-58, -8
-21, 117
25, 27
127, -26
201, 182
67, 191
-72, 146
105, 146
76, 3
123, -41
131, -26
155, 63
45, 122
151, 168
205, 164
186, 195
263, 109
204, -13
89, 190
12, 151
30, 111
49, 55
137, 170
189, 129
99, 121
72, 83
115, -9
60, 50
28, 62
38, -71
46, 80
122, 74
107, 83
75, 21
59, -85
46, 46
69, 200
209, 96
220, 71
168, 159
62, 228
140, 234
112, -43
136, -102
84, 71
136, 150
-103, 144
105, 45
83, 24
4, 30
130, 100
87, 24
100, 133
6, 211
68, 173
143, 22
93, -79
95, -187
93, -14
120, 100
198, -2
112, -131
59, -83
45, 63
224, 38
207, 66
184, 9
140, -41
-72, 109
1, 197
-16, 129
125, 38
228, -27
99, 57
152, 223
95, 29
259, 115
195, -34
56, 98
172, 73
147, 22
-2, 19
-79, 81
-32, 102
8, 66
128, 101
176, 234
95, 257
120, 151
231, 161
292, -9
140, 64
66, 27
57, 9
-28, 50
-122, 93
-79, 39
-94, -12
-79, 108
-12, 28
123, -94
166, 95
116, 144
-66, 108
-94, -34
-129, 22
-89, 21
32, 167
28, 79
91, 75
125, 104
45, 76
87, 62
277, -92
141, -65
-24, 48
66, 83
-11, -27
26, -91
-21, -16
-8, -14
113, -34
88, 10
70, 34
62, 103
97, 122
106, 66
23, -35
185, 13
137, 7
98, 112
201, 140
126, 112
26, 21
-12, -13
59, -34
70, 24
-40, -16
49, 38
139, 93
211, 73
112, -31
118, 18
129, 129
149, 199
66, 94
75, -10
112, 102
254, -1
161, 100
37, 189
39, 269
70, 78
106, 78
159, 163
140, 270
67, 281
60, 37
157, 52
221, 66
104, 128
100, 167
0, 15
2, 39
24, 127
26, 177
-40, 53
36, 28
173, 84
-7, 40
-48, 85
-82, 97
137, 92
105, 15
131, 28
233, 62
211, 87
43, -43
-15, 117
108, 152
108, 159
58, 53
114, 50
125, 83
253, 159
125, 48
79, -13
153, 17
176, 122
-15, 150
-131, 196
-135, 8
57, 77
217, 170
38, 228
-55, 97
47, -28
144, 10
207, 141
160, 64
70, 21
60, 68
76, -20
107, 108
68, 52
44, -146
-6, -161
73, -59
197, 93
74, 76
-200, 107
-5, 80
146, 32
164, -38
121, -47
17, 143
117, 130
126, 60
185, 96
189, 29
-22, 6
64, -5
139, 171
120, 174
24, 129
102, 112
51, 190
44, 204
-18, 35
19, -13
-69, 33
-111, 46
61, 35
185, 145
52, 55
120, -9
167, 80
100, 91
-4, 70
86, -16
114, -67
77, 18
3, 119
98, 56
20, -5
107, -86
54, -75
121, 61
98, 147
37, -80
43, 63
137, 60
133, 109
105, 58
176, 42
84, 1
73, 75
25, 123
-38, 93
64, 34
136, -100
146, -93
103, 102
52, 175
-63, 49
-93, 5
85, 43
228, 188
98, 242
21, 240
43, 129
57, 53
25, 125
2, 146
94, 4
186, 101
130, 110
564, 709
2611, 4810
5470, 13902
4211, 16421
-892, 2887
-1868, -10529
2226, -7486
4110, 1132
4202, -1882
8541, -8619
14120, -5791
12305, -127
3620, 800
-3087, 999
-3690, 2717
-332, 3361
1803, 3228
-32, 4546
-348, 5232
3979, 3842
6285, 3862
2451, 5456
-2, 4547
4547, 1287
6851, 1087
82, 2231
-5819, -88
-3741, -3373
-603, -3101
-1468, 464
-2969, 3317
-2450, 3051
-1358, 976
41, -988
1959, -1015
2750, -358
1468, -1186
-377, -1839
-1333, 650
270, 3631
3192, 3169
2126, 1733
-2942, 1444
-5608, 4
-4136, -2683
-2757, -3442
-2940, -1857
-1783, -361
460, 849
230, 1973
-1171, 2079
-148, 900
1743, -1588
927, -3604
-40, -3742
900, -1889
1540, 975
-266, 3338
-1968, 2313
-573, -1809
1895, -3851
1715, -1805
-898, 872
-2523, 1779
-1438, 1013
199, -160
424, -492
-311, 518
-1368, 2030
-2564, 2332
-2901, 1202
-1658, 76
-259, -72
-164, 123
-438, -387
-453, -1158
-1075, -1679
-2532, -1465
-2284, -725
-41, 83
1927, 128
1953, -577
1275, -1171
879, -1286
-397, -1537
-1835, -2725
-1635, -3242
-380, -2027
-1065, -953
-1883, -948
-81, -1256
1795, -337
930, 1762
-519, 3492
-580, 2508
310, -23
911, -498
435, 1132
-1159, 1759
-2827, -426
-3273, -2838
-2240, -3192
-989, -1510
125, -508
252, -910
-1131, -1475
-2162, -1161
-1283, -1076
-280, -1835
-539, -1757
-1578, -243
-1579, 892
-586, 294
-35, -684
-713, -529
-1485, 65
-1341, -367
-434, -1075
68, -1140
-319, -1052
-774, -1494
-622, -1148
88, 368
358, 1640
192, 1232
-51, -18
-187, -1104
-837, -1366
-1651, -1334
-1592, -1199
-889, -525
-705, -252
-1644, -982
-2386, -1595
-1656, -1297
147, -295
1097, 431
347, 395
-645, -392
-981, -900
-688, -732
-247, -296
-338, -391
-322, -427
-17, -133
301, 138
237, 103
-75, -175
-375, -226
-270, 101
-71, 396
-235, -120
-779, -808
-783, -867
16, -647
618, -927
218, -1065
-425, -666
-359, -172
26, -114
60, -209
-402, -383
-898, -258
-873, 85
-619, -56
-429, -527
-123, -741
105, -300
315, -64
183, 18
-199, -63
-382, -28
-257, 77
32, -71
-74, -31
-338, 80
-493, -22
-403, -347
-256, -455
-82, -337
-145, -251
-284, -274
-141, -351
266, -454
467, -416
182, 172
-267, 470
-485, 429
-330, -101
197, -300
476, 4
372, 424
168, 272
211, -268
139, -414
77, 166
87, 308
37, -117
77, -385
230, -189
180, 46
-70, 164
-167, -138
-344, -475
-244, -472
-10, -85
330, 104
511, 199
479, 159
125, 197
-14, 175
-174, -178
41, -259
-81, -14
-232, 304
-417, 238
-183, 75
130, -98
227, -340
369, -315
342, -50
223, 98
179, 279
-5, 188
-223, 82
-173, 145
-52, 287
-211, 216
-399, 118
-196, -5
-65, -68
104, -64
179, 106
76, 460
142, 353
200, 92
192, 49
87, 88
-95, 199
-77, 22
121, -129
86, -78
11, 158
-369, 281
-167, 260
105, 349
156, 267
-135, 218
-235, 52
-100, -35
115, 155
0, 291
-104, 253
56, -39
-42, -57
-35, -46
-50, 57
13, 120
25, 116
-7, 130
43, 297
40, 298
98, 287
55, 87
-18, -2
105, 95
66, 263
-143, 248
-82, 137
-34, 87
-26, 4

TX Frame TimeStamp Raw  = D6 394A7052
   Adding Antenna Delay = 00D6 394A7052
E8 Tx time = 1.439935429615510e+001

Tag ToF: 37.429 ns Dist: 11.217476 m DistRaw: 11.247476 m DistScal: 11.247476 m Bias: 0.030 m ClockOffset: 0.000 ppm
